{"C:\\Users\\vivek\\OneDrive\\Desktop\\project 1\\frontend\\src\\config.ts": {"path":"C:\\Users\\vivek\\OneDrive\\Desktop\\project 1\\frontend\\src\\config.ts","statementMap":{"0":{"start":{"line":1,"column":24},"end":{"line":1,"column":null}},"1":{"start":{"line":7,"column":3},"end":{"line":8,"column":null}}},"fnMap":{},"branchMap":{"0":{"loc":{"start":{"line":7,"column":3},"end":{"line":8,"column":null}},"type":"binary-expr","locations":[{"start":{"line":7,"column":3},"end":{"line":7,"column":null}},{"start":{"line":8,"column":3},"end":{"line":8,"column":null}}],"line":7},"1":{"loc":{"start":{"line":8,"column":3},"end":{"line":8,"column":null}},"type":"cond-expr","locations":[{"start":{"line":8,"column":25},"end":{"line":8,"column":55}},{"start":{"line":8,"column":55},"end":{"line":8,"column":null}}],"line":8}},"s":{"0":15,"1":15},"f":{},"b":{"0":[15,15],"1":[15,0]},"meta":{"lastBranch":2,"lastFunction":0,"lastStatement":2,"seen":{"s:1:24:1:Infinity":0,"s:7:3:8:Infinity":1,"b:7:3:7:Infinity:8:3:8:Infinity":0,"b:8:25:8:55:8:55:8:Infinity":1},"fnNames":{}}}
,"C:\\Users\\vivek\\OneDrive\\Desktop\\project 1\\frontend\\src\\components\\Header.tsx": {"path":"C:\\Users\\vivek\\OneDrive\\Desktop\\project 1\\frontend\\src\\components\\Header.tsx","statementMap":{"0":{"start":{"line":13,"column":13},"end":{"line":48,"column":null}},"1":{"start":{"line":21,"column":2},"end":{"line":46,"column":null}},"2":{"start":{"line":37,"column":31},"end":{"line":37,"column":null}}},"fnMap":{"0":{"name":"(anonymous_0)","decl":{"start":{"line":13,"column":13},"end":{"line":13,"column":50}},"loc":{"start":{"line":20,"column":6},"end":{"line":48,"column":null}},"line":20},"1":{"name":"(anonymous_1)","decl":{"start":{"line":37,"column":14},"end":{"line":37,"column":25}},"loc":{"start":{"line":37,"column":31},"end":{"line":37,"column":null}},"line":37}},"branchMap":{"0":{"loc":{"start":{"line":17,"column":2},"end":{"line":17,"column":null}},"type":"default-arg","locations":[{"start":{"line":17,"column":16},"end":{"line":17,"column":null}}],"line":17},"1":{"loc":{"start":{"line":18,"column":2},"end":{"line":18,"column":null}},"type":"default-arg","locations":[{"start":{"line":18,"column":22},"end":{"line":18,"column":null}}],"line":18},"2":{"loc":{"start":{"line":25,"column":9},"end":{"line":26,"column":null}},"type":"binary-expr","locations":[{"start":{"line":25,"column":9},"end":{"line":25,"column":21}},{"start":{"line":25,"column":21},"end":{"line":26,"column":null}}],"line":25},"3":{"loc":{"start":{"line":29,"column":9},"end":{"line":44,"column":null}},"type":"binary-expr","locations":[{"start":{"line":29,"column":9},"end":{"line":29,"column":null}},{"start":{"line":30,"column":10},"end":{"line":44,"column":null}}],"line":29}},"s":{"0":10,"1":72,"2":2},"f":{"0":72,"1":2},"b":{"0":[72],"1":[72],"2":[72,71],"3":[72,36]},"meta":{"lastBranch":4,"lastFunction":2,"lastStatement":3,"seen":{"s:13:13:48:Infinity":0,"f:13:13:13:50":0,"b:17:16:17:Infinity":0,"b:18:22:18:Infinity":1,"s:21:2:46:Infinity":1,"b:25:9:25:21:25:21:26:Infinity":2,"b:29:9:29:Infinity:30:10:44:Infinity":3,"f:37:14:37:25":1,"s:37:31:37:Infinity":2},"fnNames":{}}}
,"C:\\Users\\vivek\\OneDrive\\Desktop\\project 1\\frontend\\src\\components\\Navbar.tsx": {"path":"C:\\Users\\vivek\\OneDrive\\Desktop\\project 1\\frontend\\src\\components\\Navbar.tsx","statementMap":{"0":{"start":{"line":8,"column":13},"end":{"line":42,"column":null}},"1":{"start":{"line":9,"column":19},"end":{"line":9,"column":27}},"2":{"start":{"line":10,"column":19},"end":{"line":10,"column":31}},"3":{"start":{"line":12,"column":2},"end":{"line":40,"column":null}},"4":{"start":{"line":16,"column":23},"end":{"line":16,"column":null}}},"fnMap":{"0":{"name":"(anonymous_0)","decl":{"start":{"line":8,"column":13},"end":{"line":8,"column":38}},"loc":{"start":{"line":8,"column":38},"end":{"line":42,"column":null}},"line":8},"1":{"name":"(anonymous_1)","decl":{"start":{"line":16,"column":8},"end":{"line":16,"column":23}},"loc":{"start":{"line":16,"column":23},"end":{"line":16,"column":null}},"line":16}},"branchMap":{"0":{"loc":{"start":{"line":35,"column":13},"end":{"line":35,"column":null}},"type":"binary-expr","locations":[{"start":{"line":35,"column":13},"end":{"line":35,"column":36}},{"start":{"line":35,"column":36},"end":{"line":35,"column":null}}],"line":35},"1":{"loc":{"start":{"line":37,"column":62},"end":{"line":37,"column":94}},"type":"binary-expr","locations":[{"start":{"line":37,"column":62},"end":{"line":37,"column":80}},{"start":{"line":37,"column":80},"end":{"line":37,"column":94}}],"line":37}},"s":{"0":1,"1":1,"2":1,"3":1,"4":0},"f":{"0":1,"1":0},"b":{"0":[1,1],"1":[1,1]},"meta":{"lastBranch":2,"lastFunction":2,"lastStatement":5,"seen":{"s:8:13:42:Infinity":0,"f:8:13:8:38":0,"s:9:19:9:27":1,"s:10:19:10:31":2,"s:12:2:40:Infinity":3,"f:16:8:16:23":1,"s:16:23:16:Infinity":4,"b:35:13:35:36:35:36:35:Infinity":0,"b:37:62:37:80:37:80:37:94":1},"fnNames":{}}}
,"C:\\Users\\vivek\\OneDrive\\Desktop\\project 1\\frontend\\src\\components\\NotificationsPopover.tsx": {"path":"C:\\Users\\vivek\\OneDrive\\Desktop\\project 1\\frontend\\src\\components\\NotificationsPopover.tsx","statementMap":{"0":{"start":{"line":6,"column":13},"end":{"line":111,"column":null}},"1":{"start":{"line":7,"column":26},"end":{"line":7,"column":null}},"2":{"start":{"line":8,"column":34},"end":{"line":8,"column":null}},"3":{"start":{"line":9,"column":38},"end":{"line":9,"column":null}},"4":{"start":{"line":10,"column":32},"end":{"line":10,"column":null}},"5":{"start":{"line":12,"column":22},"end":{"line":26,"column":null}},"6":{"start":{"line":13,"column":4},"end":{"line":25,"column":null}},"7":{"start":{"line":14,"column":6},"end":{"line":14,"column":null}},"8":{"start":{"line":15,"column":25},"end":{"line":18,"column":null}},"9":{"start":{"line":19,"column":6},"end":{"line":19,"column":null}},"10":{"start":{"line":20,"column":6},"end":{"line":20,"column":null}},"11":{"start":{"line":24,"column":6},"end":{"line":24,"column":null}},"12":{"start":{"line":28,"column":2},"end":{"line":32,"column":null}},"13":{"start":{"line":29,"column":4},"end":{"line":29,"column":null}},"14":{"start":{"line":30,"column":21},"end":{"line":30,"column":null}},"15":{"start":{"line":31,"column":4},"end":{"line":31,"column":null}},"16":{"start":{"line":31,"column":17},"end":{"line":31,"column":null}},"17":{"start":{"line":34,"column":22},"end":{"line":34,"column":null}},"18":{"start":{"line":36,"column":2},"end":{"line":109,"column":null}},"19":{"start":{"line":39,"column":23},"end":{"line":39,"column":null}},"20":{"start":{"line":70,"column":29},"end":{"line":70,"column":null}},"21":{"start":{"line":87,"column":16},"end":{"line":93,"column":null}},"22":{"start":{"line":97,"column":16},"end":{"line":103,"column":null}}},"fnMap":{"0":{"name":"(anonymous_0)","decl":{"start":{"line":6,"column":13},"end":{"line":6,"column":52}},"loc":{"start":{"line":6,"column":52},"end":{"line":111,"column":null}},"line":6},"1":{"name":"(anonymous_1)","decl":{"start":{"line":12,"column":22},"end":{"line":12,"column":34}},"loc":{"start":{"line":12,"column":34},"end":{"line":26,"column":null}},"line":12},"2":{"name":"(anonymous_2)","decl":{"start":{"line":28,"column":2},"end":{"line":28,"column":18}},"loc":{"start":{"line":28,"column":18},"end":{"line":32,"column":5}},"line":28},"3":{"name":"(anonymous_3)","decl":{"start":{"line":31,"column":4},"end":{"line":31,"column":17}},"loc":{"start":{"line":31,"column":17},"end":{"line":31,"column":null}},"line":31},"4":{"name":"(anonymous_4)","decl":{"start":{"line":39,"column":8},"end":{"line":39,"column":23}},"loc":{"start":{"line":39,"column":23},"end":{"line":39,"column":null}},"line":39},"5":{"name":"(anonymous_5)","decl":{"start":{"line":70,"column":14},"end":{"line":70,"column":29}},"loc":{"start":{"line":70,"column":29},"end":{"line":70,"column":null}},"line":70},"6":{"name":"(anonymous_6)","decl":{"start":{"line":86,"column":26},"end":{"line":86,"column":31}},"loc":{"start":{"line":87,"column":16},"end":{"line":93,"column":null}},"line":87},"7":{"name":"(anonymous_7)","decl":{"start":{"line":96,"column":24},"end":{"line":96,"column":29}},"loc":{"start":{"line":97,"column":16},"end":{"line":103,"column":null}},"line":97}},"branchMap":{"0":{"loc":{"start":{"line":47,"column":9},"end":{"line":55,"column":null}},"type":"binary-expr","locations":[{"start":{"line":47,"column":9},"end":{"line":47,"column":null}},{"start":{"line":48,"column":10},"end":{"line":55,"column":null}}],"line":47},"1":{"loc":{"start":{"line":57,"column":7},"end":{"line":109,"column":null}},"type":"binary-expr","locations":[{"start":{"line":57,"column":7},"end":{"line":57,"column":null}},{"start":{"line":58,"column":8},"end":{"line":109,"column":null}}],"line":57},"2":{"loc":{"start":{"line":77,"column":11},"end":{"line":107,"column":null}},"type":"cond-expr","locations":[{"start":{"line":78,"column":12},"end":{"line":79,"column":30}},{"start":{"line":79,"column":14},"end":{"line":107,"column":null}}],"line":77},"3":{"loc":{"start":{"line":79,"column":14},"end":{"line":107,"column":null}},"type":"cond-expr","locations":[{"start":{"line":80,"column":12},"end":{"line":85,"column":13}},{"start":{"line":85,"column":12},"end":{"line":107,"column":null}}],"line":79}},"s":{"0":2,"1":5,"2":5,"3":5,"4":5,"5":5,"6":2,"7":2,"8":2,"9":2,"10":2,"11":2,"12":5,"13":2,"14":2,"15":2,"16":2,"17":5,"18":5,"19":1,"20":0,"21":0,"22":0},"f":{"0":5,"1":2,"2":2,"3":2,"4":1,"5":0,"6":0,"7":0},"b":{"0":[5,0],"1":[5,1],"2":[1,0],"3":[0,0]},"meta":{"lastBranch":4,"lastFunction":8,"lastStatement":23,"seen":{"s:6:13:111:Infinity":0,"f:6:13:6:52":0,"s:7:26:7:Infinity":1,"s:8:34:8:Infinity":2,"s:9:38:9:Infinity":3,"s:10:32:10:Infinity":4,"s:12:22:26:Infinity":5,"f:12:22:12:34":1,"s:13:4:25:Infinity":6,"s:14:6:14:Infinity":7,"s:15:25:18:Infinity":8,"s:19:6:19:Infinity":9,"s:20:6:20:Infinity":10,"s:24:6:24:Infinity":11,"s:28:2:32:Infinity":12,"f:28:2:28:18":2,"s:29:4:29:Infinity":13,"s:30:21:30:Infinity":14,"s:31:4:31:Infinity":15,"f:31:4:31:17":3,"s:31:17:31:Infinity":16,"s:34:22:34:Infinity":17,"s:36:2:109:Infinity":18,"f:39:8:39:23":4,"s:39:23:39:Infinity":19,"b:47:9:47:Infinity:48:10:55:Infinity":0,"b:57:7:57:Infinity:58:8:109:Infinity":1,"f:70:14:70:29":5,"s:70:29:70:Infinity":20,"b:78:12:79:30:79:14:107:Infinity":2,"b:80:12:85:13:85:12:107:Infinity":3,"f:86:26:86:31":6,"s:87:16:93:Infinity":21,"f:96:24:96:29":7,"s:97:16:103:Infinity":22},"fnNames":{}}}
,"C:\\Users\\vivek\\OneDrive\\Desktop\\project 1\\frontend\\src\\components\\PriorityBadge.tsx": {"path":"C:\\Users\\vivek\\OneDrive\\Desktop\\project 1\\frontend\\src\\components\\PriorityBadge.tsx","statementMap":{"0":{"start":{"line":9,"column":13},"end":{"line":44,"column":null}},"1":{"start":{"line":10,"column":2},"end":{"line":43,"column":null}},"2":{"start":{"line":11,"column":4},"end":{"line":19,"column":null}},"3":{"start":{"line":21,"column":9},"end":{"line":43,"column":null}},"4":{"start":{"line":22,"column":4},"end":{"line":30,"column":null}},"5":{"start":{"line":33,"column":4},"end":{"line":41,"column":null}}},"fnMap":{"0":{"name":"(anonymous_0)","decl":{"start":{"line":9,"column":13},"end":{"line":9,"column":60}},"loc":{"start":{"line":9,"column":81},"end":{"line":44,"column":null}},"line":9}},"branchMap":{"0":{"loc":{"start":{"line":10,"column":2},"end":{"line":43,"column":null}},"type":"if","locations":[{"start":{"line":10,"column":2},"end":{"line":43,"column":null}},{"start":{"line":21,"column":9},"end":{"line":43,"column":null}}],"line":10},"1":{"loc":{"start":{"line":21,"column":9},"end":{"line":43,"column":null}},"type":"if","locations":[{"start":{"line":21,"column":9},"end":{"line":43,"column":null}},{"start":{"line":32,"column":9},"end":{"line":43,"column":null}}],"line":21}},"s":{"0":2,"1":15,"2":13,"3":2,"4":1,"5":1},"f":{"0":15},"b":{"0":[13,2],"1":[1,1]},"meta":{"lastBranch":2,"lastFunction":1,"lastStatement":6,"seen":{"s:9:13:44:Infinity":0,"f:9:13:9:60":0,"b:10:2:43:Infinity:21:9:43:Infinity":0,"s:10:2:43:Infinity":1,"s:11:4:19:Infinity":2,"b:21:9:43:Infinity:32:9:43:Infinity":1,"s:21:9:43:Infinity":3,"s:22:4:30:Infinity":4,"s:33:4:41:Infinity":5},"fnNames":{}}}
,"C:\\Users\\vivek\\OneDrive\\Desktop\\project 1\\frontend\\src\\components\\ProductImage.tsx": {"path":"C:\\Users\\vivek\\OneDrive\\Desktop\\project 1\\frontend\\src\\components\\ProductImage.tsx","statementMap":{"0":{"start":{"line":11,"column":13},"end":{"line":34,"column":null}},"1":{"start":{"line":12,"column":28},"end":{"line":12,"column":null}},"2":{"start":{"line":14,"column":2},"end":{"line":23,"column":null}},"3":{"start":{"line":15,"column":4},"end":{"line":21,"column":null}},"4":{"start":{"line":25,"column":2},"end":{"line":32,"column":null}},"5":{"start":{"line":30,"column":21},"end":{"line":30,"column":null}}},"fnMap":{"0":{"name":"(anonymous_0)","decl":{"start":{"line":11,"column":13},"end":{"line":11,"column":58}},"loc":{"start":{"line":11,"column":127},"end":{"line":34,"column":null}},"line":11},"1":{"name":"(anonymous_1)","decl":{"start":{"line":30,"column":6},"end":{"line":30,"column":21}},"loc":{"start":{"line":30,"column":21},"end":{"line":30,"column":null}},"line":30}},"branchMap":{"0":{"loc":{"start":{"line":11,"column":70},"end":{"line":11,"column":112}},"type":"default-arg","locations":[{"start":{"line":11,"column":82},"end":{"line":11,"column":112}}],"line":11},"1":{"loc":{"start":{"line":14,"column":2},"end":{"line":23,"column":null}},"type":"if","locations":[{"start":{"line":14,"column":2},"end":{"line":23,"column":null}},{"start":{},"end":{}}],"line":14},"2":{"loc":{"start":{"line":14,"column":6},"end":{"line":14,"column":21}},"type":"binary-expr","locations":[{"start":{"line":14,"column":6},"end":{"line":14,"column":14}},{"start":{"line":14,"column":14},"end":{"line":14,"column":21}}],"line":14},"3":{"loc":{"start":{"line":19,"column":11},"end":{"line":19,"column":null}},"type":"binary-expr","locations":[{"start":{"line":19,"column":11},"end":{"line":19,"column":23}},{"start":{"line":19,"column":23},"end":{"line":19,"column":null}}],"line":19}},"s":{"0":9,"1":300,"2":300,"3":23,"4":277,"5":1},"f":{"0":300,"1":1},"b":{"0":[300],"1":[23,277],"2":[300,278],"3":[23,19]},"meta":{"lastBranch":4,"lastFunction":2,"lastStatement":6,"seen":{"s:11:13:34:Infinity":0,"f:11:13:11:58":0,"b:11:82:11:112":0,"s:12:28:12:Infinity":1,"b:14:2:23:Infinity:undefined:undefined:undefined:undefined":1,"s:14:2:23:Infinity":2,"b:14:6:14:14:14:14:14:21":2,"s:15:4:21:Infinity":3,"b:19:11:19:23:19:23:19:Infinity":3,"s:25:2:32:Infinity":4,"f:30:6:30:21":1,"s:30:21:30:Infinity":5},"fnNames":{}}}
,"C:\\Users\\vivek\\OneDrive\\Desktop\\project 1\\frontend\\src\\components\\Sidebar.tsx": {"path":"C:\\Users\\vivek\\OneDrive\\Desktop\\project 1\\frontend\\src\\components\\Sidebar.tsx","statementMap":{"0":{"start":{"line":18,"column":13},"end":{"line":90,"column":null}},"1":{"start":{"line":19,"column":19},"end":{"line":19,"column":27}},"2":{"start":{"line":21,"column":19},"end":{"line":32,"column":null}},"3":{"start":{"line":34,"column":2},"end":{"line":88,"column":null}},"4":{"start":{"line":55,"column":25},"end":{"line":55,"column":null}},"5":{"start":{"line":56,"column":12},"end":{"line":70,"column":null}},"6":{"start":{"line":61,"column":18},"end":{"line":64,"column":null}}},"fnMap":{"0":{"name":"(anonymous_0)","decl":{"start":{"line":18,"column":13},"end":{"line":18,"column":39}},"loc":{"start":{"line":18,"column":39},"end":{"line":90,"column":null}},"line":18},"1":{"name":"(anonymous_1)","decl":{"start":{"line":54,"column":20},"end":{"line":54,"column":25}},"loc":{"start":{"line":54,"column":34},"end":{"line":72,"column":11}},"line":54},"2":{"name":"(anonymous_2)","decl":{"start":{"line":60,"column":16},"end":{"line":60,"column":28}},"loc":{"start":{"line":61,"column":18},"end":{"line":64,"column":null}},"line":61}},"branchMap":{"0":{"loc":{"start":{"line":62,"column":20},"end":{"line":64,"column":null}},"type":"cond-expr","locations":[{"start":{"line":63,"column":24},"end":{"line":63,"column":null}},{"start":{"line":64,"column":24},"end":{"line":64,"column":null}}],"line":62},"1":{"loc":{"start":{"line":80,"column":13},"end":{"line":80,"column":null}},"type":"binary-expr","locations":[{"start":{"line":80,"column":13},"end":{"line":80,"column":36}},{"start":{"line":80,"column":36},"end":{"line":80,"column":null}}],"line":80},"2":{"loc":{"start":{"line":83,"column":70},"end":{"line":83,"column":107}},"type":"binary-expr","locations":[{"start":{"line":83,"column":70},"end":{"line":83,"column":89}},{"start":{"line":83,"column":89},"end":{"line":83,"column":107}}],"line":83},"3":{"loc":{"start":{"line":84,"column":75},"end":{"line":84,"column":103}},"type":"binary-expr","locations":[{"start":{"line":84,"column":75},"end":{"line":84,"column":89}},{"start":{"line":84,"column":89},"end":{"line":84,"column":103}}],"line":84}},"s":{"0":1,"1":1,"2":1,"3":1,"4":10,"5":10,"6":10},"f":{"0":1,"1":10,"2":10},"b":{"0":[0,10],"1":[1,1],"2":[1,1],"3":[1,1]},"meta":{"lastBranch":4,"lastFunction":3,"lastStatement":7,"seen":{"s:18:13:90:Infinity":0,"f:18:13:18:39":0,"s:19:19:19:27":1,"s:21:19:32:Infinity":2,"s:34:2:88:Infinity":3,"f:54:20:54:25":1,"s:55:25:55:Infinity":4,"s:56:12:70:Infinity":5,"f:60:16:60:28":2,"s:61:18:64:Infinity":6,"b:63:24:63:Infinity:64:24:64:Infinity":0,"b:80:13:80:36:80:36:80:Infinity":1,"b:83:70:83:89:83:89:83:107":2,"b:84:75:84:89:84:89:84:103":3},"fnNames":{}}}
,"C:\\Users\\vivek\\OneDrive\\Desktop\\project 1\\frontend\\src\\components\\StatCard.tsx": {"path":"C:\\Users\\vivek\\OneDrive\\Desktop\\project 1\\frontend\\src\\components\\StatCard.tsx","statementMap":{"0":{"start":{"line":13,"column":13},"end":{"line":64,"column":null}},"1":{"start":{"line":21,"column":22},"end":{"line":29,"column":null}},"2":{"start":{"line":31,"column":23},"end":{"line":39,"column":null}},"3":{"start":{"line":41,"column":2},"end":{"line":62,"column":null}}},"fnMap":{"0":{"name":"(anonymous_0)","decl":{"start":{"line":13,"column":13},"end":{"line":13,"column":50}},"loc":{"start":{"line":20,"column":6},"end":{"line":64,"column":null}},"line":20}},"branchMap":{"0":{"loc":{"start":{"line":17,"column":2},"end":{"line":17,"column":null}},"type":"default-arg","locations":[{"start":{"line":17,"column":10},"end":{"line":17,"column":null}}],"line":17},"1":{"loc":{"start":{"line":44,"column":12},"end":{"line":44,"column":null}},"type":"cond-expr","locations":[{"start":{"line":44,"column":22},"end":{"line":44,"column":33}},{"start":{"line":44,"column":33},"end":{"line":44,"column":null}}],"line":44},"2":{"loc":{"start":{"line":46,"column":16},"end":{"line":46,"column":null}},"type":"cond-expr","locations":[{"start":{"line":46,"column":26},"end":{"line":46,"column":30}},{"start":{"line":46,"column":30},"end":{"line":46,"column":null}}],"line":46},"3":{"loc":{"start":{"line":48,"column":8},"end":{"line":48,"column":null}},"type":"cond-expr","locations":[{"start":{"line":48,"column":18},"end":{"line":48,"column":74}},{"start":{"line":48,"column":74},"end":{"line":48,"column":null}}],"line":48},"4":{"loc":{"start":{"line":56,"column":11},"end":{"line":56,"column":null}},"type":"binary-expr","locations":[{"start":{"line":56,"column":11},"end":{"line":56,"column":26}},{"start":{"line":56,"column":26},"end":{"line":56,"column":null}}],"line":56}},"s":{"0":2,"1":27,"2":27,"3":27},"f":{"0":27},"b":{"0":[27],"1":[0,27],"2":[0,27],"3":[0,27],"4":[27,25]},"meta":{"lastBranch":5,"lastFunction":1,"lastStatement":4,"seen":{"s:13:13:64:Infinity":0,"f:13:13:13:50":0,"b:17:10:17:Infinity":0,"s:21:22:29:Infinity":1,"s:31:23:39:Infinity":2,"s:41:2:62:Infinity":3,"b:44:22:44:33:44:33:44:Infinity":1,"b:46:26:46:30:46:30:46:Infinity":2,"b:48:18:48:74:48:74:48:Infinity":3,"b:56:11:56:26:56:26:56:Infinity":4},"fnNames":{}}}
,"C:\\Users\\vivek\\OneDrive\\Desktop\\project 1\\frontend\\src\\components\\StockBadge.tsx": {"path":"C:\\Users\\vivek\\OneDrive\\Desktop\\project 1\\frontend\\src\\components\\StockBadge.tsx","statementMap":{"0":{"start":{"line":8,"column":13},"end":{"line":32,"column":null}},"1":{"start":{"line":9,"column":19},"end":{"line":9,"column":null}},"2":{"start":{"line":10,"column":17},"end":{"line":10,"column":null}},"3":{"start":{"line":12,"column":2},"end":{"line":18,"column":null}},"4":{"start":{"line":13,"column":4},"end":{"line":13,"column":null}},"5":{"start":{"line":14,"column":4},"end":{"line":14,"column":null}},"6":{"start":{"line":15,"column":9},"end":{"line":18,"column":null}},"7":{"start":{"line":16,"column":4},"end":{"line":16,"column":null}},"8":{"start":{"line":17,"column":4},"end":{"line":17,"column":null}},"9":{"start":{"line":20,"column":19},"end":{"line":20,"column":null}},"10":{"start":{"line":22,"column":2},"end":{"line":30,"column":null}}},"fnMap":{"0":{"name":"(anonymous_0)","decl":{"start":{"line":8,"column":13},"end":{"line":8,"column":54}},"loc":{"start":{"line":8,"column":82},"end":{"line":32,"column":null}},"line":8}},"branchMap":{"0":{"loc":{"start":{"line":8,"column":64},"end":{"line":8,"column":82}},"type":"default-arg","locations":[{"start":{"line":8,"column":71},"end":{"line":8,"column":82}}],"line":8},"1":{"loc":{"start":{"line":12,"column":2},"end":{"line":18,"column":null}},"type":"if","locations":[{"start":{"line":12,"column":2},"end":{"line":18,"column":null}},{"start":{"line":15,"column":9},"end":{"line":18,"column":null}}],"line":12},"2":{"loc":{"start":{"line":15,"column":9},"end":{"line":18,"column":null}},"type":"if","locations":[{"start":{"line":15,"column":9},"end":{"line":18,"column":null}},{"start":{},"end":{}}],"line":15},"3":{"loc":{"start":{"line":20,"column":19},"end":{"line":20,"column":null}},"type":"cond-expr","locations":[{"start":{"line":20,"column":35},"end":{"line":20,"column":61}},{"start":{"line":20,"column":61},"end":{"line":20,"column":null}}],"line":20}},"s":{"0":6,"1":279,"2":279,"3":279,"4":74,"5":74,"6":205,"7":1,"8":1,"9":279,"10":279},"f":{"0":279},"b":{"0":[279],"1":[74,205],"2":[1,204],"3":[272,7]},"meta":{"lastBranch":4,"lastFunction":1,"lastStatement":11,"seen":{"s:8:13:32:Infinity":0,"f:8:13:8:54":0,"b:8:71:8:82":0,"s:9:19:9:Infinity":1,"s:10:17:10:Infinity":2,"b:12:2:18:Infinity:15:9:18:Infinity":1,"s:12:2:18:Infinity":3,"s:13:4:13:Infinity":4,"s:14:4:14:Infinity":5,"b:15:9:18:Infinity:undefined:undefined:undefined:undefined":2,"s:15:9:18:Infinity":6,"s:16:4:16:Infinity":7,"s:17:4:17:Infinity":8,"s:20:19:20:Infinity":9,"b:20:35:20:61:20:61:20:Infinity":3,"s:22:2:30:Infinity":10},"fnNames":{}}}
,"C:\\Users\\vivek\\OneDrive\\Desktop\\project 1\\frontend\\src\\context\\AuthContext.tsx": {"path":"C:\\Users\\vivek\\OneDrive\\Desktop\\project 1\\frontend\\src\\context\\AuthContext.tsx","statementMap":{"0":{"start":{"line":13,"column":20},"end":{"line":13,"column":null}},"1":{"start":{"line":15,"column":13},"end":{"line":76,"column":null}},"2":{"start":{"line":16,"column":26},"end":{"line":16,"column":null}},"3":{"start":{"line":17,"column":28},"end":{"line":17,"column":null}},"4":{"start":{"line":18,"column":32},"end":{"line":18,"column":null}},"5":{"start":{"line":20,"column":25},"end":{"line":36,"column":null}},"6":{"start":{"line":21,"column":4},"end":{"line":35,"column":null}},"7":{"start":{"line":22,"column":19},"end":{"line":22,"column":null}},"8":{"start":{"line":23,"column":6},"end":{"line":23,"column":null}},"9":{"start":{"line":24,"column":6},"end":{"line":24,"column":null}},"10":{"start":{"line":25,"column":6},"end":{"line":25,"column":null}},"11":{"start":{"line":27,"column":6},"end":{"line":27,"column":null}},"12":{"start":{"line":29,"column":6},"end":{"line":34,"column":null}},"13":{"start":{"line":38,"column":2},"end":{"line":55,"column":null}},"14":{"start":{"line":39,"column":21},"end":{"line":53,"column":null}},"15":{"start":{"line":40,"column":26},"end":{"line":40,"column":null}},"16":{"start":{"line":41,"column":6},"end":{"line":51,"column":null}},"17":{"start":{"line":42,"column":8},"end":{"line":48,"column":null}},"18":{"start":{"line":43,"column":27},"end":{"line":43,"column":null}},"19":{"start":{"line":44,"column":10},"end":{"line":44,"column":null}},"20":{"start":{"line":45,"column":10},"end":{"line":45,"column":null}},"21":{"start":{"line":47,"column":10},"end":{"line":47,"column":null}},"22":{"start":{"line":50,"column":8},"end":{"line":50,"column":null}},"23":{"start":{"line":52,"column":6},"end":{"line":52,"column":null}},"24":{"start":{"line":54,"column":4},"end":{"line":54,"column":null}},"25":{"start":{"line":57,"column":16},"end":{"line":62,"column":null}},"26":{"start":{"line":58,"column":17},"end":{"line":58,"column":null}},"27":{"start":{"line":59,"column":4},"end":{"line":59,"column":null}},"28":{"start":{"line":60,"column":4},"end":{"line":60,"column":null}},"29":{"start":{"line":61,"column":4},"end":{"line":61,"column":null}},"30":{"start":{"line":64,"column":8},"end":{"line":69,"column":null}},"31":{"start":{"line":65,"column":4},"end":{"line":65,"column":null}},"32":{"start":{"line":66,"column":4},"end":{"line":66,"column":null}},"33":{"start":{"line":67,"column":4},"end":{"line":67,"column":null}},"34":{"start":{"line":68,"column":4},"end":{"line":68,"column":null}},"35":{"start":{"line":71,"column":2},"end":{"line":74,"column":null}},"36":{"start":{"line":78,"column":13},"end":{"line":84,"column":null}},"37":{"start":{"line":79,"column":18},"end":{"line":79,"column":null}},"38":{"start":{"line":80,"column":2},"end":{"line":82,"column":null}},"39":{"start":{"line":81,"column":4},"end":{"line":81,"column":null}},"40":{"start":{"line":83,"column":2},"end":{"line":83,"column":null}}},"fnMap":{"0":{"name":"(anonymous_0)","decl":{"start":{"line":15,"column":13},"end":{"line":15,"column":70}},"loc":{"start":{"line":15,"column":87},"end":{"line":76,"column":null}},"line":15},"1":{"name":"(anonymous_1)","decl":{"start":{"line":20,"column":25},"end":{"line":20,"column":37}},"loc":{"start":{"line":20,"column":37},"end":{"line":36,"column":null}},"line":20},"2":{"name":"(anonymous_2)","decl":{"start":{"line":38,"column":2},"end":{"line":38,"column":18}},"loc":{"start":{"line":38,"column":18},"end":{"line":55,"column":5}},"line":38},"3":{"name":"(anonymous_3)","decl":{"start":{"line":39,"column":21},"end":{"line":39,"column":33}},"loc":{"start":{"line":39,"column":33},"end":{"line":53,"column":null}},"line":39},"4":{"name":"(anonymous_4)","decl":{"start":{"line":57,"column":16},"end":{"line":57,"column":23}},"loc":{"start":{"line":57,"column":62},"end":{"line":62,"column":null}},"line":57},"5":{"name":"(anonymous_5)","decl":{"start":{"line":64,"column":8},"end":{"line":64,"column":23}},"loc":{"start":{"line":64,"column":23},"end":{"line":69,"column":null}},"line":64},"6":{"name":"(anonymous_6)","decl":{"start":{"line":78,"column":13},"end":{"line":78,"column":29}},"loc":{"start":{"line":78,"column":29},"end":{"line":84,"column":null}},"line":78}},"branchMap":{"0":{"loc":{"start":{"line":41,"column":6},"end":{"line":51,"column":null}},"type":"if","locations":[{"start":{"line":41,"column":6},"end":{"line":51,"column":null}},{"start":{"line":49,"column":13},"end":{"line":51,"column":null}}],"line":41},"1":{"loc":{"start":{"line":80,"column":2},"end":{"line":82,"column":null}},"type":"if","locations":[{"start":{"line":80,"column":2},"end":{"line":82,"column":null}},{"start":{},"end":{}}],"line":80}},"s":{"0":14,"1":14,"2":42,"3":42,"4":42,"5":42,"6":26,"7":26,"8":25,"9":25,"10":25,"11":0,"12":0,"13":42,"14":25,"15":25,"16":25,"17":0,"18":0,"19":0,"20":0,"21":0,"22":25,"23":25,"24":25,"25":42,"26":1,"27":1,"28":1,"29":1,"30":42,"31":1,"32":1,"33":1,"34":1,"35":42,"36":14,"37":9,"38":9,"39":0,"40":9},"f":{"0":42,"1":26,"2":25,"3":25,"4":1,"5":1,"6":9},"b":{"0":[0,25],"1":[0,9]},"meta":{"lastBranch":2,"lastFunction":7,"lastStatement":41,"seen":{"s:13:20:13:Infinity":0,"s:15:13:76:Infinity":1,"f:15:13:15:70":0,"s:16:26:16:Infinity":2,"s:17:28:17:Infinity":3,"s:18:32:18:Infinity":4,"s:20:25:36:Infinity":5,"f:20:25:20:37":1,"s:21:4:35:Infinity":6,"s:22:19:22:Infinity":7,"s:23:6:23:Infinity":8,"s:24:6:24:Infinity":9,"s:25:6:25:Infinity":10,"s:27:6:27:Infinity":11,"s:29:6:34:Infinity":12,"s:38:2:55:Infinity":13,"f:38:2:38:18":2,"s:39:21:53:Infinity":14,"f:39:21:39:33":3,"s:40:26:40:Infinity":15,"b:41:6:51:Infinity:49:13:51:Infinity":0,"s:41:6:51:Infinity":16,"s:42:8:48:Infinity":17,"s:43:27:43:Infinity":18,"s:44:10:44:Infinity":19,"s:45:10:45:Infinity":20,"s:47:10:47:Infinity":21,"s:50:8:50:Infinity":22,"s:52:6:52:Infinity":23,"s:54:4:54:Infinity":24,"s:57:16:62:Infinity":25,"f:57:16:57:23":4,"s:58:17:58:Infinity":26,"s:59:4:59:Infinity":27,"s:60:4:60:Infinity":28,"s:61:4:61:Infinity":29,"s:64:8:69:Infinity":30,"f:64:8:64:23":5,"s:65:4:65:Infinity":31,"s:66:4:66:Infinity":32,"s:67:4:67:Infinity":33,"s:68:4:68:Infinity":34,"s:71:2:74:Infinity":35,"s:78:13:84:Infinity":36,"f:78:13:78:29":6,"s:79:18:79:Infinity":37,"b:80:2:82:Infinity:undefined:undefined:undefined:undefined":1,"s:80:2:82:Infinity":38,"s:81:4:81:Infinity":39,"s:83:2:83:Infinity":40},"fnNames":{}}}
,"C:\\Users\\vivek\\OneDrive\\Desktop\\project 1\\frontend\\src\\pages\\Analysis.tsx": {"path":"C:\\Users\\vivek\\OneDrive\\Desktop\\project 1\\frontend\\src\\pages\\Analysis.tsx","statementMap":{"0":{"start":{"line":11,"column":13},"end":{"line":222,"column":null}},"1":{"start":{"line":12,"column":38},"end":{"line":12,"column":null}},"2":{"start":{"line":13,"column":32},"end":{"line":13,"column":null}},"3":{"start":{"line":15,"column":19},"end":{"line":25,"column":null}},"4":{"start":{"line":16,"column":4},"end":{"line":24,"column":null}},"5":{"start":{"line":17,"column":6},"end":{"line":17,"column":null}},"6":{"start":{"line":18,"column":18},"end":{"line":18,"column":null}},"7":{"start":{"line":19,"column":6},"end":{"line":19,"column":null}},"8":{"start":{"line":21,"column":6},"end":{"line":21,"column":null}},"9":{"start":{"line":23,"column":6},"end":{"line":23,"column":null}},"10":{"start":{"line":27,"column":2},"end":{"line":29,"column":null}},"11":{"start":{"line":28,"column":4},"end":{"line":28,"column":null}},"12":{"start":{"line":31,"column":48},"end":{"line":40,"column":null}},"13":{"start":{"line":42,"column":26},"end":{"line":42,"column":null}},"14":{"start":{"line":44,"column":2},"end":{"line":220,"column":null}},"15":{"start":{"line":96,"column":55},"end":{"line":96,"column":null}},"16":{"start":{"line":99,"column":24},"end":{"line":99,"column":null}},"17":{"start":{"line":205,"column":57},"end":{"line":205,"column":null}},"18":{"start":{"line":208,"column":24},"end":{"line":208,"column":null}}},"fnMap":{"0":{"name":"(anonymous_0)","decl":{"start":{"line":11,"column":13},"end":{"line":11,"column":40}},"loc":{"start":{"line":11,"column":40},"end":{"line":222,"column":null}},"line":11},"1":{"name":"(anonymous_1)","decl":{"start":{"line":15,"column":19},"end":{"line":15,"column":31}},"loc":{"start":{"line":15,"column":31},"end":{"line":25,"column":null}},"line":15},"2":{"name":"(anonymous_2)","decl":{"start":{"line":27,"column":2},"end":{"line":27,"column":18}},"loc":{"start":{"line":27,"column":18},"end":{"line":29,"column":5}},"line":27},"3":{"name":"(anonymous_3)","decl":{"start":{"line":96,"column":22},"end":{"line":96,"column":30}},"loc":{"start":{"line":96,"column":55},"end":{"line":96,"column":null}},"line":96},"4":{"name":"(anonymous_4)","decl":{"start":{"line":98,"column":51},"end":{"line":98,"column":56}},"loc":{"start":{"line":99,"column":24},"end":{"line":99,"column":null}},"line":99},"5":{"name":"(anonymous_5)","decl":{"start":{"line":205,"column":22},"end":{"line":205,"column":30}},"loc":{"start":{"line":205,"column":57},"end":{"line":205,"column":null}},"line":205},"6":{"name":"(anonymous_6)","decl":{"start":{"line":207,"column":51},"end":{"line":207,"column":56}},"loc":{"start":{"line":208,"column":24},"end":{"line":208,"column":null}},"line":208}},"branchMap":{"0":{"loc":{"start":{"line":52,"column":9},"end":{"line":217,"column":null}},"type":"cond-expr","locations":[{"start":{"line":53,"column":10},"end":{"line":58,"column":11}},{"start":{"line":58,"column":10},"end":{"line":217,"column":null}}],"line":52},"1":{"loc":{"start":{"line":52,"column":9},"end":{"line":52,"column":null}},"type":"binary-expr","locations":[{"start":{"line":52,"column":9},"end":{"line":52,"column":20}},{"start":{"line":52,"column":20},"end":{"line":52,"column":null}}],"line":52},"2":{"loc":{"start":{"line":99,"column":58},"end":{"line":99,"column":112}},"type":"binary-expr","locations":[{"start":{"line":99,"column":58},"end":{"line":99,"column":87}},{"start":{"line":99,"column":87},"end":{"line":99,"column":112}}],"line":99},"3":{"loc":{"start":{"line":208,"column":62},"end":{"line":208,"column":118}},"type":"binary-expr","locations":[{"start":{"line":208,"column":62},"end":{"line":208,"column":93}},{"start":{"line":208,"column":93},"end":{"line":208,"column":118}}],"line":208}},"s":{"0":1,"1":2,"2":2,"3":2,"4":1,"5":1,"6":1,"7":1,"8":0,"9":1,"10":2,"11":1,"12":2,"13":2,"14":2,"15":0,"16":3,"17":0,"18":3},"f":{"0":2,"1":1,"2":1,"3":0,"4":3,"5":0,"6":3},"b":{"0":[1,1],"1":[2,1],"2":[3,3],"3":[3,3]},"meta":{"lastBranch":4,"lastFunction":7,"lastStatement":19,"seen":{"s:11:13:222:Infinity":0,"f:11:13:11:40":0,"s:12:38:12:Infinity":1,"s:13:32:13:Infinity":2,"s:15:19:25:Infinity":3,"f:15:19:15:31":1,"s:16:4:24:Infinity":4,"s:17:6:17:Infinity":5,"s:18:18:18:Infinity":6,"s:19:6:19:Infinity":7,"s:21:6:21:Infinity":8,"s:23:6:23:Infinity":9,"s:27:2:29:Infinity":10,"f:27:2:27:18":2,"s:28:4:28:Infinity":11,"s:31:48:40:Infinity":12,"s:42:26:42:Infinity":13,"s:44:2:220:Infinity":14,"b:53:10:58:11:58:10:217:Infinity":0,"b:52:9:52:20:52:20:52:Infinity":1,"f:96:22:96:30":3,"s:96:55:96:Infinity":15,"f:98:51:98:56":4,"s:99:24:99:Infinity":16,"b:99:58:99:87:99:87:99:112":2,"f:205:22:205:30":5,"s:205:57:205:Infinity":17,"f:207:51:207:56":6,"s:208:24:208:Infinity":18,"b:208:62:208:93:208:93:208:118":3},"fnNames":{}}}
,"C:\\Users\\vivek\\OneDrive\\Desktop\\project 1\\frontend\\src\\pages\\DamagedMissing.tsx": {"path":"C:\\Users\\vivek\\OneDrive\\Desktop\\project 1\\frontend\\src\\pages\\DamagedMissing.tsx","statementMap":{"0":{"start":{"line":9,"column":13},"end":{"line":261,"column":null}},"1":{"start":{"line":10,"column":32},"end":{"line":15,"column":null}},"2":{"start":{"line":16,"column":32},"end":{"line":16,"column":null}},"3":{"start":{"line":17,"column":32},"end":{"line":17,"column":null}},"4":{"start":{"line":18,"column":42},"end":{"line":18,"column":null}},"5":{"start":{"line":19,"column":40},"end":{"line":19,"column":null}},"6":{"start":{"line":20,"column":36},"end":{"line":20,"column":null}},"7":{"start":{"line":22,"column":19},"end":{"line":33,"column":null}},"8":{"start":{"line":23,"column":4},"end":{"line":32,"column":null}},"9":{"start":{"line":24,"column":6},"end":{"line":24,"column":null}},"10":{"start":{"line":25,"column":18},"end":{"line":25,"column":null}},"11":{"start":{"line":26,"column":6},"end":{"line":26,"column":null}},"12":{"start":{"line":27,"column":6},"end":{"line":27,"column":null}},"13":{"start":{"line":29,"column":6},"end":{"line":29,"column":null}},"14":{"start":{"line":31,"column":6},"end":{"line":31,"column":null}},"15":{"start":{"line":35,"column":2},"end":{"line":37,"column":null}},"16":{"start":{"line":36,"column":4},"end":{"line":36,"column":null}},"17":{"start":{"line":39,"column":28},"end":{"line":53,"column":null}},"18":{"start":{"line":40,"column":4},"end":{"line":52,"column":null}},"19":{"start":{"line":41,"column":6},"end":{"line":41,"column":null}},"20":{"start":{"line":42,"column":6},"end":{"line":42,"column":null}},"21":{"start":{"line":43,"column":23},"end":{"line":43,"column":null}},"22":{"start":{"line":44,"column":6},"end":{"line":44,"column":null}},"23":{"start":{"line":45,"column":6},"end":{"line":45,"column":null}},"24":{"start":{"line":46,"column":6},"end":{"line":46,"column":null}},"25":{"start":{"line":48,"column":6},"end":{"line":48,"column":null}},"26":{"start":{"line":49,"column":6},"end":{"line":49,"column":null}},"27":{"start":{"line":51,"column":6},"end":{"line":51,"column":null}},"28":{"start":{"line":55,"column":26},"end":{"line":59,"column":null}},"29":{"start":{"line":56,"column":4},"end":{"line":56,"column":null}},"30":{"start":{"line":56,"column":37},"end":{"line":56,"column":null}},"31":{"start":{"line":57,"column":4},"end":{"line":57,"column":null}},"32":{"start":{"line":57,"column":37},"end":{"line":57,"column":null}},"33":{"start":{"line":58,"column":4},"end":{"line":58,"column":null}},"34":{"start":{"line":61,"column":2},"end":{"line":259,"column":null}},"35":{"start":{"line":101,"column":35},"end":{"line":101,"column":55}},"36":{"start":{"line":124,"column":31},"end":{"line":124,"column":null}},"37":{"start":{"line":134,"column":31},"end":{"line":134,"column":null}},"38":{"start":{"line":141,"column":48},"end":{"line":141,"column":84}},"39":{"start":{"line":144,"column":31},"end":{"line":144,"column":null}},"40":{"start":{"line":151,"column":49},"end":{"line":151,"column":72}},"41":{"start":{"line":174,"column":34},"end":{"line":174,"column":null}},"42":{"start":{"line":175,"column":38},"end":{"line":175,"column":null}},"43":{"start":{"line":177,"column":16},"end":{"line":252,"column":null}},"44":{"start":{"line":232,"column":41},"end":{"line":232,"column":null}}},"fnMap":{"0":{"name":"(anonymous_0)","decl":{"start":{"line":9,"column":13},"end":{"line":9,"column":46}},"loc":{"start":{"line":9,"column":46},"end":{"line":261,"column":null}},"line":9},"1":{"name":"(anonymous_1)","decl":{"start":{"line":22,"column":19},"end":{"line":22,"column":31}},"loc":{"start":{"line":22,"column":31},"end":{"line":33,"column":null}},"line":22},"2":{"name":"(anonymous_2)","decl":{"start":{"line":35,"column":2},"end":{"line":35,"column":18}},"loc":{"start":{"line":35,"column":18},"end":{"line":37,"column":5}},"line":35},"3":{"name":"(anonymous_3)","decl":{"start":{"line":39,"column":28},"end":{"line":39,"column":35}},"loc":{"start":{"line":39,"column":64},"end":{"line":53,"column":null}},"line":39},"4":{"name":"(anonymous_4)","decl":{"start":{"line":55,"column":34},"end":{"line":55,"column":42}},"loc":{"start":{"line":55,"column":48},"end":{"line":59,"column":3}},"line":55},"5":{"name":"(anonymous_5)","decl":{"start":{"line":101,"column":20},"end":{"line":101,"column":35}},"loc":{"start":{"line":101,"column":35},"end":{"line":101,"column":55}},"line":101},"6":{"name":"(anonymous_6)","decl":{"start":{"line":124,"column":16},"end":{"line":124,"column":31}},"loc":{"start":{"line":124,"column":31},"end":{"line":124,"column":null}},"line":124},"7":{"name":"(anonymous_7)","decl":{"start":{"line":134,"column":16},"end":{"line":134,"column":31}},"loc":{"start":{"line":134,"column":31},"end":{"line":134,"column":null}},"line":134},"8":{"name":"(anonymous_8)","decl":{"start":{"line":141,"column":34},"end":{"line":141,"column":42}},"loc":{"start":{"line":141,"column":48},"end":{"line":141,"column":84}},"line":141},"9":{"name":"(anonymous_9)","decl":{"start":{"line":144,"column":16},"end":{"line":144,"column":31}},"loc":{"start":{"line":144,"column":31},"end":{"line":144,"column":null}},"line":144},"10":{"name":"(anonymous_10)","decl":{"start":{"line":151,"column":35},"end":{"line":151,"column":43}},"loc":{"start":{"line":151,"column":49},"end":{"line":151,"column":72}},"line":151},"11":{"name":"(anonymous_11)","decl":{"start":{"line":173,"column":31},"end":{"line":173,"column":36}},"loc":{"start":{"line":173,"column":44},"end":{"line":254,"column":15}},"line":173},"12":{"name":"(anonymous_12)","decl":{"start":{"line":232,"column":26},"end":{"line":232,"column":41}},"loc":{"start":{"line":232,"column":41},"end":{"line":232,"column":null}},"line":232}},"branchMap":{"0":{"loc":{"start":{"line":45,"column":65},"end":{"line":45,"column":95}},"type":"binary-expr","locations":[{"start":{"line":45,"column":65},"end":{"line":45,"column":85}},{"start":{"line":45,"column":85},"end":{"line":45,"column":95}}],"line":45},"1":{"loc":{"start":{"line":49,"column":19},"end":{"line":49,"column":64}},"type":"binary-expr","locations":[{"start":{"line":49,"column":19},"end":{"line":49,"column":34}},{"start":{"line":49,"column":34},"end":{"line":49,"column":64}}],"line":49},"2":{"loc":{"start":{"line":56,"column":4},"end":{"line":56,"column":null}},"type":"if","locations":[{"start":{"line":56,"column":4},"end":{"line":56,"column":null}},{"start":{},"end":{}}],"line":56},"3":{"loc":{"start":{"line":56,"column":44},"end":{"line":56,"column":null}},"type":"binary-expr","locations":[{"start":{"line":56,"column":44},"end":{"line":56,"column":71}},{"start":{"line":56,"column":71},"end":{"line":56,"column":null}}],"line":56},"4":{"loc":{"start":{"line":57,"column":4},"end":{"line":57,"column":null}},"type":"if","locations":[{"start":{"line":57,"column":4},"end":{"line":57,"column":null}},{"start":{},"end":{}}],"line":57},"5":{"loc":{"start":{"line":73,"column":19},"end":{"line":73,"column":null}},"type":"cond-expr","locations":[{"start":{"line":73,"column":29},"end":{"line":73,"column":37}},{"start":{"line":73,"column":37},"end":{"line":73,"column":null}}],"line":73},"6":{"loc":{"start":{"line":80,"column":19},"end":{"line":80,"column":null}},"type":"cond-expr","locations":[{"start":{"line":80,"column":29},"end":{"line":80,"column":37}},{"start":{"line":80,"column":37},"end":{"line":80,"column":null}}],"line":80},"7":{"loc":{"start":{"line":87,"column":19},"end":{"line":87,"column":null}},"type":"cond-expr","locations":[{"start":{"line":87,"column":29},"end":{"line":87,"column":37}},{"start":{"line":87,"column":37},"end":{"line":87,"column":null}}],"line":87},"8":{"loc":{"start":{"line":95,"column":9},"end":{"line":104,"column":null}},"type":"binary-expr","locations":[{"start":{"line":95,"column":9},"end":{"line":95,"column":null}},{"start":{"line":96,"column":10},"end":{"line":104,"column":null}}],"line":95},"9":{"loc":{"start":{"line":126,"column":18},"end":{"line":128,"column":null}},"type":"cond-expr","locations":[{"start":{"line":127,"column":22},"end":{"line":127,"column":null}},{"start":{"line":128,"column":22},"end":{"line":128,"column":null}}],"line":126},"10":{"loc":{"start":{"line":136,"column":18},"end":{"line":138,"column":null}},"type":"cond-expr","locations":[{"start":{"line":137,"column":22},"end":{"line":137,"column":null}},{"start":{"line":138,"column":22},"end":{"line":138,"column":null}}],"line":136},"11":{"loc":{"start":{"line":141,"column":48},"end":{"line":141,"column":84}},"type":"binary-expr","locations":[{"start":{"line":141,"column":48},"end":{"line":141,"column":75}},{"start":{"line":141,"column":75},"end":{"line":141,"column":84}}],"line":141},"12":{"loc":{"start":{"line":146,"column":18},"end":{"line":148,"column":null}},"type":"cond-expr","locations":[{"start":{"line":147,"column":22},"end":{"line":147,"column":null}},{"start":{"line":148,"column":22},"end":{"line":148,"column":null}}],"line":146},"13":{"loc":{"start":{"line":156,"column":11},"end":{"line":257,"column":null}},"type":"cond-expr","locations":[{"start":{"line":157,"column":12},"end":{"line":161,"column":30}},{"start":{"line":161,"column":14},"end":{"line":257,"column":null}}],"line":156},"14":{"loc":{"start":{"line":161,"column":14},"end":{"line":257,"column":null}},"type":"cond-expr","locations":[{"start":{"line":162,"column":12},"end":{"line":172,"column":13}},{"start":{"line":172,"column":12},"end":{"line":257,"column":null}}],"line":161},"15":{"loc":{"start":{"line":166,"column":17},"end":{"line":168,"column":null}},"type":"cond-expr","locations":[{"start":{"line":167,"column":20},"end":{"line":167,"column":null}},{"start":{"line":168,"column":20},"end":{"line":168,"column":null}}],"line":166},"16":{"loc":{"start":{"line":174,"column":34},"end":{"line":174,"column":null}},"type":"binary-expr","locations":[{"start":{"line":174,"column":34},"end":{"line":174,"column":63}},{"start":{"line":174,"column":63},"end":{"line":174,"column":null}}],"line":174},"17":{"loc":{"start":{"line":188,"column":35},"end":{"line":188,"column":null}},"type":"binary-expr","locations":[{"start":{"line":188,"column":35},"end":{"line":188,"column":55}},{"start":{"line":188,"column":55},"end":{"line":188,"column":null}}],"line":188},"18":{"loc":{"start":{"line":195,"column":31},"end":{"line":195,"column":null}},"type":"binary-expr","locations":[{"start":{"line":195,"column":31},"end":{"line":195,"column":52}},{"start":{"line":195,"column":52},"end":{"line":195,"column":null}}],"line":195},"19":{"loc":{"start":{"line":204,"column":28},"end":{"line":206,"column":null}},"type":"cond-expr","locations":[{"start":{"line":205,"column":32},"end":{"line":205,"column":null}},{"start":{"line":206,"column":32},"end":{"line":206,"column":null}}],"line":204},"20":{"loc":{"start":{"line":209,"column":27},"end":{"line":209,"column":null}},"type":"cond-expr","locations":[{"start":{"line":209,"column":39},"end":{"line":209,"column":63}},{"start":{"line":209,"column":63},"end":{"line":209,"column":null}}],"line":209},"21":{"loc":{"start":{"line":230,"column":23},"end":{"line":251,"column":null}},"type":"cond-expr","locations":[{"start":{"line":231,"column":24},"end":{"line":246,"column":25}},{"start":{"line":246,"column":24},"end":{"line":251,"column":null}}],"line":230},"22":{"loc":{"start":{"line":236,"column":27},"end":{"line":242,"column":null}},"type":"cond-expr","locations":[{"start":{"line":237,"column":28},"end":{"line":239,"column":null}},{"start":{"line":239,"column":28},"end":{"line":242,"column":null}}],"line":236}},"s":{"0":1,"1":9,"2":9,"3":9,"4":9,"5":9,"6":9,"7":9,"8":4,"9":4,"10":4,"11":4,"12":4,"13":0,"14":4,"15":9,"16":3,"17":9,"18":1,"19":1,"20":1,"21":1,"22":1,"23":1,"24":1,"25":0,"26":0,"27":1,"28":9,"29":3,"30":0,"31":3,"32":0,"33":3,"34":9,"35":0,"36":0,"37":1,"38":3,"39":1,"40":3,"41":2,"42":2,"43":2,"44":1},"f":{"0":9,"1":4,"2":3,"3":1,"4":3,"5":0,"6":0,"7":1,"8":3,"9":1,"10":3,"11":2,"12":1},"b":{"0":[1,0],"1":[0,0],"2":[0,3],"3":[0,0],"4":[0,3],"5":[7,2],"6":[7,2],"7":[7,2],"8":[9,1],"9":[6,3],"10":[2,7],"11":[3,0],"12":[1,8],"13":[7,2],"14":[0,2],"15":[0,0],"16":[2,0],"17":[2,0],"18":[2,0],"19":[2,0],"20":[2,0],"21":[2,0],"22":[1,1]},"meta":{"lastBranch":23,"lastFunction":13,"lastStatement":45,"seen":{"s:9:13:261:Infinity":0,"f:9:13:9:46":0,"s:10:32:15:Infinity":1,"s:16:32:16:Infinity":2,"s:17:32:17:Infinity":3,"s:18:42:18:Infinity":4,"s:19:40:19:Infinity":5,"s:20:36:20:Infinity":6,"s:22:19:33:Infinity":7,"f:22:19:22:31":1,"s:23:4:32:Infinity":8,"s:24:6:24:Infinity":9,"s:25:18:25:Infinity":10,"s:26:6:26:Infinity":11,"s:27:6:27:Infinity":12,"s:29:6:29:Infinity":13,"s:31:6:31:Infinity":14,"s:35:2:37:Infinity":15,"f:35:2:35:18":2,"s:36:4:36:Infinity":16,"s:39:28:53:Infinity":17,"f:39:28:39:35":3,"s:40:4:52:Infinity":18,"s:41:6:41:Infinity":19,"s:42:6:42:Infinity":20,"s:43:23:43:Infinity":21,"s:44:6:44:Infinity":22,"s:45:6:45:Infinity":23,"b:45:65:45:85:45:85:45:95":0,"s:46:6:46:Infinity":24,"s:48:6:48:Infinity":25,"s:49:6:49:Infinity":26,"b:49:19:49:34:49:34:49:64":1,"s:51:6:51:Infinity":27,"s:55:26:59:Infinity":28,"f:55:34:55:42":4,"b:56:4:56:Infinity:undefined:undefined:undefined:undefined":2,"s:56:4:56:Infinity":29,"s:56:37:56:Infinity":30,"b:56:44:56:71:56:71:56:Infinity":3,"b:57:4:57:Infinity:undefined:undefined:undefined:undefined":4,"s:57:4:57:Infinity":31,"s:57:37:57:Infinity":32,"s:58:4:58:Infinity":33,"s:61:2:259:Infinity":34,"b:73:29:73:37:73:37:73:Infinity":5,"b:80:29:80:37:80:37:80:Infinity":6,"b:87:29:87:37:87:37:87:Infinity":7,"b:95:9:95:Infinity:96:10:104:Infinity":8,"f:101:20:101:35":5,"s:101:35:101:55":35,"f:124:16:124:31":6,"s:124:31:124:Infinity":36,"b:127:22:127:Infinity:128:22:128:Infinity":9,"f:134:16:134:31":7,"s:134:31:134:Infinity":37,"b:137:22:137:Infinity:138:22:138:Infinity":10,"f:141:34:141:42":8,"s:141:48:141:84":38,"b:141:48:141:75:141:75:141:84":11,"f:144:16:144:31":9,"s:144:31:144:Infinity":39,"b:147:22:147:Infinity:148:22:148:Infinity":12,"f:151:35:151:43":10,"s:151:49:151:72":40,"b:157:12:161:30:161:14:257:Infinity":13,"b:162:12:172:13:172:12:257:Infinity":14,"b:167:20:167:Infinity:168:20:168:Infinity":15,"f:173:31:173:36":11,"s:174:34:174:Infinity":41,"b:174:34:174:63:174:63:174:Infinity":16,"s:175:38:175:Infinity":42,"s:177:16:252:Infinity":43,"b:188:35:188:55:188:55:188:Infinity":17,"b:195:31:195:52:195:52:195:Infinity":18,"b:205:32:205:Infinity:206:32:206:Infinity":19,"b:209:39:209:63:209:63:209:Infinity":20,"b:231:24:246:25:246:24:251:Infinity":21,"f:232:26:232:41":12,"s:232:41:232:Infinity":44,"b:237:28:239:Infinity:239:28:242:Infinity":22},"fnNames":{}}}
,"C:\\Users\\vivek\\OneDrive\\Desktop\\project 1\\frontend\\src\\pages\\Dashboard.tsx": {"path":"C:\\Users\\vivek\\OneDrive\\Desktop\\project 1\\frontend\\src\\pages\\Dashboard.tsx","statementMap":{"0":{"start":{"line":9,"column":6},"end":{"line":65,"column":null}},"1":{"start":{"line":15,"column":14},"end":{"line":15,"column":null}},"2":{"start":{"line":16,"column":22},"end":{"line":18,"column":null}},"3":{"start":{"line":19,"column":26},"end":{"line":19,"column":null}},"4":{"start":{"line":20,"column":28},"end":{"line":20,"column":null}},"5":{"start":{"line":22,"column":8},"end":{"line":37,"column":null}},"6":{"start":{"line":23,"column":15},"end":{"line":23,"column":null}},"7":{"start":{"line":24,"column":4},"end":{"line":24,"column":null}},"8":{"start":{"line":24,"column":13},"end":{"line":24,"column":null}},"9":{"start":{"line":25,"column":14},"end":{"line":25,"column":null}},"10":{"start":{"line":26,"column":10},"end":{"line":26,"column":null}},"11":{"start":{"line":27,"column":10},"end":{"line":27,"column":null}},"12":{"start":{"line":28,"column":4},"end":{"line":30,"column":null}},"13":{"start":{"line":31,"column":4},"end":{"line":31,"column":null}},"14":{"start":{"line":32,"column":4},"end":{"line":36,"column":null}},"15":{"start":{"line":39,"column":8},"end":{"line":43,"column":null}},"16":{"start":{"line":40,"column":4},"end":{"line":40,"column":null}},"17":{"start":{"line":41,"column":4},"end":{"line":41,"column":null}},"18":{"start":{"line":42,"column":4},"end":{"line":42,"column":null}},"19":{"start":{"line":42,"column":21},"end":{"line":42,"column":37}},"20":{"start":{"line":45,"column":2},"end":{"line":63,"column":null}},"21":{"start":{"line":70,"column":6},"end":{"line":87,"column":null}},"22":{"start":{"line":71,"column":2},"end":{"line":87,"column":null}},"23":{"start":{"line":93,"column":6},"end":{"line":105,"column":null}},"24":{"start":{"line":94,"column":2},"end":{"line":105,"column":null}},"25":{"start":{"line":96,"column":6},"end":{"line":103,"column":null}},"26":{"start":{"line":111,"column":6},"end":{"line":120,"column":null}},"27":{"start":{"line":112,"column":2},"end":{"line":120,"column":null}},"28":{"start":{"line":114,"column":6},"end":{"line":118,"column":null}},"29":{"start":{"line":126,"column":13},"end":{"line":430,"column":null}},"30":{"start":{"line":127,"column":28},"end":{"line":127,"column":null}},"31":{"start":{"line":128,"column":32},"end":{"line":128,"column":null}},"32":{"start":{"line":129,"column":19},"end":{"line":129,"column":31}},"33":{"start":{"line":131,"column":2},"end":{"line":136,"column":null}},"34":{"start":{"line":132,"column":4},"end":{"line":135,"column":null}},"35":{"start":{"line":135,"column":21},"end":{"line":135,"column":38}},"36":{"start":{"line":138,"column":8},"end":{"line":138,"column":null}},"37":{"start":{"line":138,"column":37},"end":{"line":138,"column":null}},"38":{"start":{"line":139,"column":8},"end":{"line":139,"column":null}},"39":{"start":{"line":141,"column":2},"end":{"line":428,"column":null}},"40":{"start":{"line":149,"column":25},"end":{"line":149,"column":null}},"41":{"start":{"line":181,"column":25},"end":{"line":181,"column":null}},"42":{"start":{"line":214,"column":25},"end":{"line":214,"column":null}},"43":{"start":{"line":254,"column":25},"end":{"line":254,"column":null}},"44":{"start":{"line":279,"column":25},"end":{"line":279,"column":null}},"45":{"start":{"line":300,"column":25},"end":{"line":300,"column":null}},"46":{"start":{"line":324,"column":25},"end":{"line":324,"column":null}},"47":{"start":{"line":354,"column":25},"end":{"line":354,"column":null}},"48":{"start":{"line":382,"column":25},"end":{"line":382,"column":null}}},"fnMap":{"0":{"name":"(anonymous_0)","decl":{"start":{"line":9,"column":6},"end":{"line":9,"column":null}},"loc":{"start":{"line":14,"column":55},"end":{"line":65,"column":null}},"line":14},"1":{"name":"(anonymous_1)","decl":{"start":{"line":22,"column":8},"end":{"line":22,"column":18}},"loc":{"start":{"line":22,"column":42},"end":{"line":37,"column":null}},"line":22},"2":{"name":"(anonymous_2)","decl":{"start":{"line":39,"column":8},"end":{"line":39,"column":24}},"loc":{"start":{"line":39,"column":24},"end":{"line":43,"column":null}},"line":39},"3":{"name":"(anonymous_3)","decl":{"start":{"line":42,"column":4},"end":{"line":42,"column":14}},"loc":{"start":{"line":42,"column":21},"end":{"line":42,"column":37}},"line":42},"4":{"name":"(anonymous_4)","decl":{"start":{"line":70,"column":6},"end":{"line":70,"column":45}},"loc":{"start":{"line":71,"column":2},"end":{"line":87,"column":null}},"line":71},"5":{"name":"(anonymous_5)","decl":{"start":{"line":93,"column":6},"end":{"line":93,"column":null}},"loc":{"start":{"line":94,"column":2},"end":{"line":105,"column":null}},"line":94},"6":{"name":"(anonymous_6)","decl":{"start":{"line":95,"column":48},"end":{"line":95,"column":53}},"loc":{"start":{"line":96,"column":6},"end":{"line":103,"column":null}},"line":96},"7":{"name":"(anonymous_7)","decl":{"start":{"line":111,"column":6},"end":{"line":111,"column":null}},"loc":{"start":{"line":112,"column":2},"end":{"line":120,"column":null}},"line":112},"8":{"name":"(anonymous_8)","decl":{"start":{"line":113,"column":30},"end":{"line":113,"column":35}},"loc":{"start":{"line":114,"column":6},"end":{"line":118,"column":null}},"line":114},"9":{"name":"(anonymous_9)","decl":{"start":{"line":126,"column":13},"end":{"line":126,"column":41}},"loc":{"start":{"line":126,"column":41},"end":{"line":430,"column":null}},"line":126},"10":{"name":"(anonymous_10)","decl":{"start":{"line":131,"column":2},"end":{"line":131,"column":18}},"loc":{"start":{"line":131,"column":18},"end":{"line":136,"column":5}},"line":131},"11":{"name":"(anonymous_11)","decl":{"start":{"line":135,"column":7},"end":{"line":135,"column":21}},"loc":{"start":{"line":135,"column":21},"end":{"line":135,"column":38}},"line":135},"12":{"name":"(anonymous_12)","decl":{"start":{"line":138,"column":8},"end":{"line":138,"column":13}},"loc":{"start":{"line":138,"column":37},"end":{"line":138,"column":null}},"line":138},"13":{"name":"(anonymous_13)","decl":{"start":{"line":149,"column":10},"end":{"line":149,"column":25}},"loc":{"start":{"line":149,"column":25},"end":{"line":149,"column":null}},"line":149},"14":{"name":"(anonymous_14)","decl":{"start":{"line":181,"column":10},"end":{"line":181,"column":25}},"loc":{"start":{"line":181,"column":25},"end":{"line":181,"column":null}},"line":181},"15":{"name":"(anonymous_15)","decl":{"start":{"line":214,"column":10},"end":{"line":214,"column":25}},"loc":{"start":{"line":214,"column":25},"end":{"line":214,"column":null}},"line":214},"16":{"name":"(anonymous_16)","decl":{"start":{"line":254,"column":10},"end":{"line":254,"column":25}},"loc":{"start":{"line":254,"column":25},"end":{"line":254,"column":null}},"line":254},"17":{"name":"(anonymous_17)","decl":{"start":{"line":279,"column":10},"end":{"line":279,"column":25}},"loc":{"start":{"line":279,"column":25},"end":{"line":279,"column":null}},"line":279},"18":{"name":"(anonymous_18)","decl":{"start":{"line":300,"column":10},"end":{"line":300,"column":25}},"loc":{"start":{"line":300,"column":25},"end":{"line":300,"column":null}},"line":300},"19":{"name":"(anonymous_19)","decl":{"start":{"line":324,"column":10},"end":{"line":324,"column":25}},"loc":{"start":{"line":324,"column":25},"end":{"line":324,"column":null}},"line":324},"20":{"name":"(anonymous_20)","decl":{"start":{"line":354,"column":10},"end":{"line":354,"column":25}},"loc":{"start":{"line":354,"column":25},"end":{"line":354,"column":null}},"line":354},"21":{"name":"(anonymous_21)","decl":{"start":{"line":382,"column":10},"end":{"line":382,"column":25}},"loc":{"start":{"line":382,"column":25},"end":{"line":382,"column":null}},"line":382}},"branchMap":{"0":{"loc":{"start":{"line":14,"column":27},"end":{"line":14,"column":43}},"type":"default-arg","locations":[{"start":{"line":14,"column":39},"end":{"line":14,"column":43}}],"line":14},"1":{"loc":{"start":{"line":24,"column":4},"end":{"line":24,"column":null}},"type":"if","locations":[{"start":{"line":24,"column":4},"end":{"line":24,"column":null}},{"start":{},"end":{}}],"line":24},"2":{"loc":{"start":{"line":75,"column":11},"end":{"line":75,"column":null}},"type":"cond-expr","locations":[{"start":{"line":75,"column":18},"end":{"line":75,"column":48}},{"start":{"line":75,"column":48},"end":{"line":75,"column":null}}],"line":75},"3":{"loc":{"start":{"line":99,"column":10},"end":{"line":99,"column":null}},"type":"cond-expr","locations":[{"start":{"line":99,"column":20},"end":{"line":99,"column":71}},{"start":{"line":99,"column":71},"end":{"line":99,"column":null}}],"line":99},"4":{"loc":{"start":{"line":117,"column":46},"end":{"line":117,"column":77}},"type":"cond-expr","locations":[{"start":{"line":117,"column":55},"end":{"line":117,"column":67}},{"start":{"line":117,"column":67},"end":{"line":117,"column":77}}],"line":117},"5":{"loc":{"start":{"line":138,"column":25},"end":{"line":138,"column":37}},"type":"default-arg","locations":[{"start":{"line":138,"column":30},"end":{"line":138,"column":37}}],"line":138},"6":{"loc":{"start":{"line":138,"column":37},"end":{"line":138,"column":null}},"type":"cond-expr","locations":[{"start":{"line":138,"column":47},"end":{"line":138,"column":54}},{"start":{"line":138,"column":54},"end":{"line":138,"column":null}}],"line":138},"7":{"loc":{"start":{"line":138,"column":54},"end":{"line":138,"column":null}},"type":"binary-expr","locations":[{"start":{"line":138,"column":54},"end":{"line":138,"column":59}},{"start":{"line":138,"column":59},"end":{"line":138,"column":null}}],"line":138},"8":{"loc":{"start":{"line":139,"column":18},"end":{"line":139,"column":50}},"type":"binary-expr","locations":[{"start":{"line":139,"column":18},"end":{"line":139,"column":44}},{"start":{"line":139,"column":44},"end":{"line":139,"column":50}}],"line":139},"9":{"loc":{"start":{"line":139,"column":50},"end":{"line":139,"column":null}},"type":"binary-expr","locations":[{"start":{"line":139,"column":50},"end":{"line":139,"column":79}},{"start":{"line":139,"column":79},"end":{"line":139,"column":null}}],"line":139},"10":{"loc":{"start":{"line":375,"column":18},"end":{"line":375,"column":48}},"type":"binary-expr","locations":[{"start":{"line":375,"column":18},"end":{"line":375,"column":42}},{"start":{"line":375,"column":42},"end":{"line":375,"column":48}}],"line":375},"11":{"loc":{"start":{"line":375,"column":48},"end":{"line":375,"column":76}},"type":"binary-expr","locations":[{"start":{"line":375,"column":48},"end":{"line":375,"column":72}},{"start":{"line":375,"column":72},"end":{"line":375,"column":76}}],"line":375}},"s":{"0":1,"1":9,"2":9,"3":9,"4":9,"5":9,"6":0,"7":0,"8":0,"9":0,"10":0,"11":0,"12":0,"13":0,"14":0,"15":9,"16":0,"17":0,"18":0,"19":0,"20":9,"21":1,"22":2,"23":1,"24":1,"25":7,"26":1,"27":1,"28":6,"29":1,"30":1,"31":1,"32":1,"33":1,"34":1,"35":1,"36":1,"37":8,"38":1,"39":1,"40":0,"41":0,"42":0,"43":0,"44":0,"45":0,"46":0,"47":0,"48":0},"f":{"0":9,"1":0,"2":0,"3":0,"4":2,"5":1,"6":7,"7":1,"8":6,"9":1,"10":1,"11":1,"12":8,"13":0,"14":0,"15":0,"16":0,"17":0,"18":0,"19":0,"20":0,"21":0},"b":{"0":[9],"1":[0,0],"2":[1,1],"3":[1,6],"4":[3,3],"5":[8],"6":[8,0],"7":[0,0],"8":[1,1],"9":[1,1],"10":[1,1],"11":[1,1]},"meta":{"lastBranch":12,"lastFunction":22,"lastStatement":49,"seen":{"s:9:6:65:Infinity":0,"f:9:6:9:Infinity":0,"b:14:39:14:43":0,"s:15:14:15:Infinity":1,"s:16:22:18:Infinity":2,"s:19:26:19:Infinity":3,"s:20:28:20:Infinity":4,"s:22:8:37:Infinity":5,"f:22:8:22:18":1,"s:23:15:23:Infinity":6,"b:24:4:24:Infinity:undefined:undefined:undefined:undefined":1,"s:24:4:24:Infinity":7,"s:24:13:24:Infinity":8,"s:25:14:25:Infinity":9,"s:26:10:26:Infinity":10,"s:27:10:27:Infinity":11,"s:28:4:30:Infinity":12,"s:31:4:31:Infinity":13,"s:32:4:36:Infinity":14,"s:39:8:43:Infinity":15,"f:39:8:39:24":2,"s:40:4:40:Infinity":16,"s:41:4:41:Infinity":17,"s:42:4:42:Infinity":18,"f:42:4:42:14":3,"s:42:21:42:37":19,"s:45:2:63:Infinity":20,"s:70:6:87:Infinity":21,"f:70:6:70:45":4,"s:71:2:87:Infinity":22,"b:75:18:75:48:75:48:75:Infinity":2,"s:93:6:105:Infinity":23,"f:93:6:93:Infinity":5,"s:94:2:105:Infinity":24,"f:95:48:95:53":6,"s:96:6:103:Infinity":25,"b:99:20:99:71:99:71:99:Infinity":3,"s:111:6:120:Infinity":26,"f:111:6:111:Infinity":7,"s:112:2:120:Infinity":27,"f:113:30:113:35":8,"s:114:6:118:Infinity":28,"b:117:55:117:67:117:67:117:77":4,"s:126:13:430:Infinity":29,"f:126:13:126:41":9,"s:127:28:127:Infinity":30,"s:128:32:128:Infinity":31,"s:129:19:129:31":32,"s:131:2:136:Infinity":33,"f:131:2:131:18":10,"s:132:4:135:Infinity":34,"f:135:7:135:21":11,"s:135:21:135:38":35,"s:138:8:138:Infinity":36,"f:138:8:138:13":12,"s:138:37:138:Infinity":37,"b:138:30:138:37":5,"b:138:47:138:54:138:54:138:Infinity":6,"b:138:54:138:59:138:59:138:Infinity":7,"s:139:8:139:Infinity":38,"b:139:18:139:44:139:44:139:50":8,"b:139:50:139:79:139:79:139:Infinity":9,"s:141:2:428:Infinity":39,"f:149:10:149:25":13,"s:149:25:149:Infinity":40,"f:181:10:181:25":14,"s:181:25:181:Infinity":41,"f:214:10:214:25":15,"s:214:25:214:Infinity":42,"f:254:10:254:25":16,"s:254:25:254:Infinity":43,"f:279:10:279:25":17,"s:279:25:279:Infinity":44,"f:300:10:300:25":18,"s:300:25:300:Infinity":45,"f:324:10:324:25":19,"s:324:25:324:Infinity":46,"f:354:10:354:25":20,"s:354:25:354:Infinity":47,"b:375:18:375:42:375:42:375:48":10,"b:375:48:375:72:375:72:375:76":11,"f:382:10:382:25":21,"s:382:25:382:Infinity":48},"fnNames":{}}}
,"C:\\Users\\vivek\\OneDrive\\Desktop\\project 1\\frontend\\src\\pages\\Inventory.tsx": {"path":"C:\\Users\\vivek\\OneDrive\\Desktop\\project 1\\frontend\\src\\pages\\Inventory.tsx","statementMap":{"0":{"start":{"line":9,"column":13},"end":{"line":204,"column":null}},"1":{"start":{"line":10,"column":34},"end":{"line":10,"column":null}},"2":{"start":{"line":11,"column":38},"end":{"line":11,"column":null}},"3":{"start":{"line":12,"column":50},"end":{"line":12,"column":null}},"4":{"start":{"line":13,"column":40},"end":{"line":13,"column":null}},"5":{"start":{"line":14,"column":40},"end":{"line":14,"column":null}},"6":{"start":{"line":15,"column":32},"end":{"line":15,"column":null}},"7":{"start":{"line":17,"column":19},"end":{"line":37,"column":null}},"8":{"start":{"line":18,"column":4},"end":{"line":36,"column":null}},"9":{"start":{"line":19,"column":6},"end":{"line":19,"column":null}},"10":{"start":{"line":20,"column":28},"end":{"line":27,"column":null}},"11":{"start":{"line":28,"column":6},"end":{"line":28,"column":null}},"12":{"start":{"line":30,"column":29},"end":{"line":30,"column":null}},"13":{"start":{"line":30,"column":49},"end":{"line":30,"column":73}},"14":{"start":{"line":31,"column":6},"end":{"line":31,"column":null}},"15":{"start":{"line":33,"column":6},"end":{"line":33,"column":null}},"16":{"start":{"line":35,"column":6},"end":{"line":35,"column":null}},"17":{"start":{"line":39,"column":2},"end":{"line":41,"column":null}},"18":{"start":{"line":40,"column":4},"end":{"line":40,"column":null}},"19":{"start":{"line":43,"column":30},"end":{"line":43,"column":null}},"20":{"start":{"line":43,"column":58},"end":{"line":43,"column":86}},"21":{"start":{"line":45,"column":2},"end":{"line":202,"column":null}},"22":{"start":{"line":86,"column":29},"end":{"line":86,"column":null}},"23":{"start":{"line":96,"column":14},"end":{"line":106,"column":null}},"24":{"start":{"line":98,"column":31},"end":{"line":98,"column":null}},"25":{"start":{"line":115,"column":33},"end":{"line":115,"column":null}},"26":{"start":{"line":143,"column":14},"end":{"line":197,"column":null}}},"fnMap":{"0":{"name":"(anonymous_0)","decl":{"start":{"line":9,"column":13},"end":{"line":9,"column":41}},"loc":{"start":{"line":9,"column":41},"end":{"line":204,"column":null}},"line":9},"1":{"name":"(anonymous_1)","decl":{"start":{"line":17,"column":19},"end":{"line":17,"column":31}},"loc":{"start":{"line":17,"column":31},"end":{"line":37,"column":null}},"line":17},"2":{"name":"(anonymous_2)","decl":{"start":{"line":30,"column":35},"end":{"line":30,"column":43}},"loc":{"start":{"line":30,"column":49},"end":{"line":30,"column":73}},"line":30},"3":{"name":"(anonymous_3)","decl":{"start":{"line":39,"column":2},"end":{"line":39,"column":18}},"loc":{"start":{"line":39,"column":18},"end":{"line":41,"column":5}},"line":39},"4":{"name":"(anonymous_4)","decl":{"start":{"line":43,"column":39},"end":{"line":43,"column":47}},"loc":{"start":{"line":43,"column":58},"end":{"line":43,"column":86}},"line":43},"5":{"name":"(anonymous_5)","decl":{"start":{"line":86,"column":14},"end":{"line":86,"column":29}},"loc":{"start":{"line":86,"column":29},"end":{"line":86,"column":null}},"line":86},"6":{"name":"(anonymous_6)","decl":{"start":{"line":95,"column":24},"end":{"line":95,"column":29}},"loc":{"start":{"line":96,"column":14},"end":{"line":106,"column":null}},"line":96},"7":{"name":"(anonymous_7)","decl":{"start":{"line":98,"column":16},"end":{"line":98,"column":31}},"loc":{"start":{"line":98,"column":31},"end":{"line":98,"column":null}},"line":98},"8":{"name":"(anonymous_8)","decl":{"start":{"line":115,"column":16},"end":{"line":115,"column":27}},"loc":{"start":{"line":115,"column":33},"end":{"line":115,"column":null}},"line":115},"9":{"name":"(anonymous_9)","decl":{"start":{"line":142,"column":22},"end":{"line":142,"column":27}},"loc":{"start":{"line":143,"column":14},"end":{"line":197,"column":null}},"line":143}},"branchMap":{"0":{"loc":{"start":{"line":73,"column":76},"end":{"line":73,"column":111}},"type":"cond-expr","locations":[{"start":{"line":73,"column":86},"end":{"line":73,"column":92}},{"start":{"line":73,"column":92},"end":{"line":73,"column":111}}],"line":73},"1":{"loc":{"start":{"line":77,"column":74},"end":{"line":77,"column":113}},"type":"cond-expr","locations":[{"start":{"line":77,"column":84},"end":{"line":77,"column":90}},{"start":{"line":77,"column":90},"end":{"line":77,"column":113}}],"line":77},"2":{"loc":{"start":{"line":88,"column":16},"end":{"line":90,"column":null}},"type":"cond-expr","locations":[{"start":{"line":89,"column":20},"end":{"line":89,"column":null}},{"start":{"line":90,"column":20},"end":{"line":90,"column":null}}],"line":88},"3":{"loc":{"start":{"line":100,"column":18},"end":{"line":102,"column":null}},"type":"cond-expr","locations":[{"start":{"line":101,"column":22},"end":{"line":101,"column":null}},{"start":{"line":102,"column":22},"end":{"line":102,"column":null}}],"line":100},"4":{"loc":{"start":{"line":127,"column":9},"end":{"line":199,"column":null}},"type":"cond-expr","locations":[{"start":{"line":128,"column":10},"end":{"line":132,"column":21}},{"start":{"line":132,"column":12},"end":{"line":199,"column":null}}],"line":127},"5":{"loc":{"start":{"line":132,"column":12},"end":{"line":199,"column":null}},"type":"cond-expr","locations":[{"start":{"line":133,"column":10},"end":{"line":141,"column":11}},{"start":{"line":141,"column":10},"end":{"line":199,"column":null}}],"line":132},"6":{"loc":{"start":{"line":174,"column":25},"end":{"line":174,"column":null}},"type":"binary-expr","locations":[{"start":{"line":174,"column":25},"end":{"line":174,"column":48}},{"start":{"line":174,"column":48},"end":{"line":174,"column":null}}],"line":174},"7":{"loc":{"start":{"line":188,"column":23},"end":{"line":192,"column":null}},"type":"binary-expr","locations":[{"start":{"line":188,"column":23},"end":{"line":188,"column":null}},{"start":{"line":189,"column":24},"end":{"line":192,"column":null}}],"line":188}},"s":{"0":1,"1":10,"2":10,"3":10,"4":10,"5":10,"6":10,"7":10,"8":4,"9":4,"10":4,"11":4,"12":4,"13":54,"14":4,"15":0,"16":4,"17":10,"18":4,"19":10,"20":102,"21":10,"22":0,"23":48,"24":1,"25":0,"26":78},"f":{"0":10,"1":4,"2":54,"3":4,"4":102,"5":0,"6":48,"7":1,"8":0,"9":78},"b":{"0":[5,5],"1":[5,5],"2":[7,3],"3":[3,45],"4":[5,5],"5":[0,5],"6":[78,0],"7":[78,14]},"meta":{"lastBranch":8,"lastFunction":10,"lastStatement":27,"seen":{"s:9:13:204:Infinity":0,"f:9:13:9:41":0,"s:10:34:10:Infinity":1,"s:11:38:11:Infinity":2,"s:12:50:12:Infinity":3,"s:13:40:13:Infinity":4,"s:14:40:14:Infinity":5,"s:15:32:15:Infinity":6,"s:17:19:37:Infinity":7,"f:17:19:17:31":1,"s:18:4:36:Infinity":8,"s:19:6:19:Infinity":9,"s:20:28:27:Infinity":10,"s:28:6:28:Infinity":11,"s:30:29:30:Infinity":12,"f:30:35:30:43":2,"s:30:49:30:73":13,"s:31:6:31:Infinity":14,"s:33:6:33:Infinity":15,"s:35:6:35:Infinity":16,"s:39:2:41:Infinity":17,"f:39:2:39:18":3,"s:40:4:40:Infinity":18,"s:43:30:43:Infinity":19,"f:43:39:43:47":4,"s:43:58:43:86":20,"s:45:2:202:Infinity":21,"b:73:86:73:92:73:92:73:111":0,"b:77:84:77:90:77:90:77:113":1,"f:86:14:86:29":5,"s:86:29:86:Infinity":22,"b:89:20:89:Infinity:90:20:90:Infinity":2,"f:95:24:95:29":6,"s:96:14:106:Infinity":23,"f:98:16:98:31":7,"s:98:31:98:Infinity":24,"b:101:22:101:Infinity:102:22:102:Infinity":3,"f:115:16:115:27":8,"s:115:33:115:Infinity":25,"b:128:10:132:21:132:12:199:Infinity":4,"b:133:10:141:11:141:10:199:Infinity":5,"f:142:22:142:27":9,"s:143:14:197:Infinity":26,"b:174:25:174:48:174:48:174:Infinity":6,"b:188:23:188:Infinity:189:24:192:Infinity":7},"fnNames":{}}}
,"C:\\Users\\vivek\\OneDrive\\Desktop\\project 1\\frontend\\src\\pages\\LowStock.tsx": {"path":"C:\\Users\\vivek\\OneDrive\\Desktop\\project 1\\frontend\\src\\pages\\LowStock.tsx","statementMap":{"0":{"start":{"line":10,"column":13},"end":{"line":157,"column":null}},"1":{"start":{"line":11,"column":42},"end":{"line":11,"column":58}},"2":{"start":{"line":12,"column":21},"end":{"line":12,"column":null}},"3":{"start":{"line":14,"column":36},"end":{"line":14,"column":null}},"4":{"start":{"line":15,"column":50},"end":{"line":15,"column":null}},"5":{"start":{"line":16,"column":54},"end":{"line":16,"column":null}},"6":{"start":{"line":17,"column":32},"end":{"line":17,"column":null}},"7":{"start":{"line":19,"column":19},"end":{"line":19,"column":31}},"8":{"start":{"line":21,"column":19},"end":{"line":35,"column":null}},"9":{"start":{"line":22,"column":4},"end":{"line":34,"column":null}},"10":{"start":{"line":23,"column":6},"end":{"line":23,"column":null}},"11":{"start":{"line":24,"column":25},"end":{"line":27,"column":null}},"12":{"start":{"line":28,"column":6},"end":{"line":28,"column":null}},"13":{"start":{"line":29,"column":6},"end":{"line":29,"column":null}},"14":{"start":{"line":31,"column":6},"end":{"line":31,"column":null}},"15":{"start":{"line":33,"column":6},"end":{"line":33,"column":null}},"16":{"start":{"line":37,"column":2},"end":{"line":39,"column":null}},"17":{"start":{"line":38,"column":4},"end":{"line":38,"column":null}},"18":{"start":{"line":41,"column":28},"end":{"line":41,"column":null}},"19":{"start":{"line":43,"column":8},"end":{"line":46,"column":null}},"20":{"start":{"line":44,"column":4},"end":{"line":44,"column":null}},"21":{"start":{"line":45,"column":4},"end":{"line":45,"column":null}},"22":{"start":{"line":48,"column":2},"end":{"line":155,"column":null}},"23":{"start":{"line":59,"column":27},"end":{"line":59,"column":null}},"24":{"start":{"line":71,"column":27},"end":{"line":71,"column":null}},"25":{"start":{"line":99,"column":14},"end":{"line":150,"column":null}},"26":{"start":{"line":142,"column":35},"end":{"line":142,"column":null}}},"fnMap":{"0":{"name":"(anonymous_0)","decl":{"start":{"line":10,"column":13},"end":{"line":10,"column":40}},"loc":{"start":{"line":10,"column":40},"end":{"line":157,"column":null}},"line":10},"1":{"name":"(anonymous_1)","decl":{"start":{"line":21,"column":19},"end":{"line":21,"column":31}},"loc":{"start":{"line":21,"column":31},"end":{"line":35,"column":null}},"line":21},"2":{"name":"(anonymous_2)","decl":{"start":{"line":37,"column":2},"end":{"line":37,"column":18}},"loc":{"start":{"line":37,"column":18},"end":{"line":39,"column":5}},"line":37},"3":{"name":"(anonymous_3)","decl":{"start":{"line":43,"column":8},"end":{"line":43,"column":27}},"loc":{"start":{"line":43,"column":50},"end":{"line":46,"column":null}},"line":43},"4":{"name":"(anonymous_4)","decl":{"start":{"line":59,"column":12},"end":{"line":59,"column":27}},"loc":{"start":{"line":59,"column":27},"end":{"line":59,"column":null}},"line":59},"5":{"name":"(anonymous_5)","decl":{"start":{"line":71,"column":12},"end":{"line":71,"column":27}},"loc":{"start":{"line":71,"column":27},"end":{"line":71,"column":null}},"line":71},"6":{"name":"(anonymous_6)","decl":{"start":{"line":98,"column":31},"end":{"line":98,"column":36}},"loc":{"start":{"line":99,"column":14},"end":{"line":150,"column":null}},"line":99},"7":{"name":"(anonymous_7)","decl":{"start":{"line":142,"column":20},"end":{"line":142,"column":35}},"loc":{"start":{"line":142,"column":35},"end":{"line":142,"column":null}},"line":142}},"branchMap":{"0":{"loc":{"start":{"line":12,"column":21},"end":{"line":12,"column":null}},"type":"cond-expr","locations":[{"start":{"line":12,"column":57},"end":{"line":12,"column":65}},{"start":{"line":12,"column":65},"end":{"line":12,"column":null}}],"line":12},"1":{"loc":{"start":{"line":41,"column":28},"end":{"line":41,"column":null}},"type":"cond-expr","locations":[{"start":{"line":41,"column":50},"end":{"line":41,"column":69}},{"start":{"line":41,"column":69},"end":{"line":41,"column":null}}],"line":41},"2":{"loc":{"start":{"line":61,"column":14},"end":{"line":63,"column":null}},"type":"cond-expr","locations":[{"start":{"line":62,"column":18},"end":{"line":62,"column":null}},{"start":{"line":63,"column":18},"end":{"line":63,"column":null}}],"line":61},"3":{"loc":{"start":{"line":73,"column":14},"end":{"line":75,"column":null}},"type":"cond-expr","locations":[{"start":{"line":74,"column":18},"end":{"line":74,"column":null}},{"start":{"line":75,"column":18},"end":{"line":75,"column":null}}],"line":73},"4":{"loc":{"start":{"line":84,"column":9},"end":{"line":154,"column":null}},"type":"cond-expr","locations":[{"start":{"line":85,"column":10},"end":{"line":89,"column":30}},{"start":{"line":89,"column":12},"end":{"line":154,"column":null}}],"line":84},"5":{"loc":{"start":{"line":89,"column":12},"end":{"line":154,"column":null}},"type":"cond-expr","locations":[{"start":{"line":90,"column":10},"end":{"line":97,"column":11}},{"start":{"line":97,"column":10},"end":{"line":154,"column":null}}],"line":89},"6":{"loc":{"start":{"line":92,"column":40},"end":{"line":92,"column":91}},"type":"cond-expr","locations":[{"start":{"line":92,"column":62},"end":{"line":92,"column":76}},{"start":{"line":92,"column":76},"end":{"line":92,"column":91}}],"line":92},"7":{"loc":{"start":{"line":127,"column":59},"end":{"line":127,"column":null}},"type":"cond-expr","locations":[{"start":{"line":127,"column":78},"end":{"line":127,"column":96}},{"start":{"line":127,"column":96},"end":{"line":127,"column":null}}],"line":127}},"s":{"0":1,"1":1,"2":1,"3":1,"4":1,"5":1,"6":1,"7":1,"8":1,"9":1,"10":1,"11":1,"12":1,"13":1,"14":0,"15":1,"16":1,"17":1,"18":1,"19":1,"20":0,"21":0,"22":1,"23":0,"24":0,"25":0,"26":0},"f":{"0":1,"1":1,"2":1,"3":0,"4":0,"5":0,"6":0,"7":0},"b":{"0":[0,1],"1":[1,0],"2":[1,0],"3":[0,1],"4":[1,0],"5":[0,0],"6":[0,0],"7":[0,0]},"meta":{"lastBranch":8,"lastFunction":8,"lastStatement":27,"seen":{"s:10:13:157:Infinity":0,"f:10:13:10:40":0,"s:11:42:11:58":1,"s:12:21:12:Infinity":2,"b:12:57:12:65:12:65:12:Infinity":0,"s:14:36:14:Infinity":3,"s:15:50:15:Infinity":4,"s:16:54:16:Infinity":5,"s:17:32:17:Infinity":6,"s:19:19:19:31":7,"s:21:19:35:Infinity":8,"f:21:19:21:31":1,"s:22:4:34:Infinity":9,"s:23:6:23:Infinity":10,"s:24:25:27:Infinity":11,"s:28:6:28:Infinity":12,"s:29:6:29:Infinity":13,"s:31:6:31:Infinity":14,"s:33:6:33:Infinity":15,"s:37:2:39:Infinity":16,"f:37:2:37:18":2,"s:38:4:38:Infinity":17,"s:41:28:41:Infinity":18,"b:41:50:41:69:41:69:41:Infinity":1,"s:43:8:46:Infinity":19,"f:43:8:43:27":3,"s:44:4:44:Infinity":20,"s:45:4:45:Infinity":21,"s:48:2:155:Infinity":22,"f:59:12:59:27":4,"s:59:27:59:Infinity":23,"b:62:18:62:Infinity:63:18:63:Infinity":2,"f:71:12:71:27":5,"s:71:27:71:Infinity":24,"b:74:18:74:Infinity:75:18:75:Infinity":3,"b:85:10:89:30:89:12:154:Infinity":4,"b:90:10:97:11:97:10:154:Infinity":5,"b:92:62:92:76:92:76:92:91":6,"f:98:31:98:36":6,"s:99:14:150:Infinity":25,"b:127:78:127:96:127:96:127:Infinity":7,"f:142:20:142:35":7,"s:142:35:142:Infinity":26},"fnNames":{}}}
,"C:\\Users\\vivek\\OneDrive\\Desktop\\project 1\\frontend\\src\\pages\\OrderPlacement.tsx": {"path":"C:\\Users\\vivek\\OneDrive\\Desktop\\project 1\\frontend\\src\\pages\\OrderPlacement.tsx","statementMap":{"0":{"start":{"line":9,"column":13},"end":{"line":267,"column":null}},"1":{"start":{"line":10,"column":34},"end":{"line":10,"column":null}},"2":{"start":{"line":11,"column":38},"end":{"line":11,"column":null}},"3":{"start":{"line":12,"column":50},"end":{"line":12,"column":null}},"4":{"start":{"line":13,"column":40},"end":{"line":13,"column":null}},"5":{"start":{"line":14,"column":32},"end":{"line":14,"column":null}},"6":{"start":{"line":17,"column":38},"end":{"line":17,"column":null}},"7":{"start":{"line":18,"column":42},"end":{"line":18,"column":null}},"8":{"start":{"line":19,"column":38},"end":{"line":19,"column":null}},"9":{"start":{"line":20,"column":34},"end":{"line":20,"column":null}},"10":{"start":{"line":22,"column":19},"end":{"line":46,"column":null}},"11":{"start":{"line":23,"column":4},"end":{"line":45,"column":null}},"12":{"start":{"line":24,"column":6},"end":{"line":24,"column":null}},"13":{"start":{"line":25,"column":28},"end":{"line":28,"column":null}},"14":{"start":{"line":29,"column":6},"end":{"line":29,"column":null}},"15":{"start":{"line":30,"column":6},"end":{"line":30,"column":null}},"16":{"start":{"line":32,"column":6},"end":{"line":40,"column":null}},"17":{"start":{"line":33,"column":54},"end":{"line":33,"column":null}},"18":{"start":{"line":34,"column":8},"end":{"line":38,"column":null}},"19":{"start":{"line":35,"column":10},"end":{"line":37,"column":null}},"20":{"start":{"line":36,"column":12},"end":{"line":36,"column":null}},"21":{"start":{"line":39,"column":8},"end":{"line":39,"column":null}},"22":{"start":{"line":42,"column":6},"end":{"line":42,"column":null}},"23":{"start":{"line":44,"column":6},"end":{"line":44,"column":null}},"24":{"start":{"line":48,"column":2},"end":{"line":50,"column":null}},"25":{"start":{"line":49,"column":4},"end":{"line":49,"column":null}},"26":{"start":{"line":52,"column":8},"end":{"line":61,"column":null}},"27":{"start":{"line":53,"column":4},"end":{"line":53,"column":null}},"28":{"start":{"line":53,"column":24},"end":{"line":53,"column":null}},"29":{"start":{"line":54,"column":19},"end":{"line":54,"column":null}},"30":{"start":{"line":55,"column":4},"end":{"line":60,"column":null}},"31":{"start":{"line":56,"column":6},"end":{"line":56,"column":null}},"32":{"start":{"line":56,"column":31},"end":{"line":56,"column":59}},"33":{"start":{"line":58,"column":22},"end":{"line":58,"column":null}},"34":{"start":{"line":59,"column":6},"end":{"line":59,"column":null}},"35":{"start":{"line":59,"column":31},"end":{"line":59,"column":65}},"36":{"start":{"line":63,"column":8},"end":{"line":70,"column":null}},"37":{"start":{"line":64,"column":4},"end":{"line":64,"column":null}},"38":{"start":{"line":64,"column":24},"end":{"line":64,"column":null}},"39":{"start":{"line":65,"column":4},"end":{"line":69,"column":null}},"40":{"start":{"line":66,"column":22},"end":{"line":66,"column":null}},"41":{"start":{"line":67,"column":19},"end":{"line":67,"column":null}},"42":{"start":{"line":68,"column":6},"end":{"line":68,"column":null}},"43":{"start":{"line":72,"column":27},"end":{"line":94,"col
[...]
:44:450:67":214,"s:451:27:451:Infinity":215,"f:451:35:451:43":38,"s:451:54:451:80":216,"s:452:27:452:Infinity":217,"f:452:35:452:43":39,"s:452:54:452:80":218,"s:454:21:472:Infinity":219,"f:454:33:454:38":40,"s:455:19:455:Infinity":220,"f:455:27:455:32":41,"s:455:37:455:67":221,"s:456:24:456:Infinity":222,"b:456:29:456:51:456:51:456:Infinity":57,"s:457:24:457:Infinity":223,"b:457:29:457:51:457:51:457:Infinity":58,"s:458:21:458:Infinity":224,"s:459:8:471:Infinity":225,"s:474:32:474:Infinity":226,"f:474:40:474:47":42,"s:474:52:474:75":227,"f:474:77:474:85":43,"s:474:96:474:143":228,"s:476:6:485:Infinity":229,"f:489:8:489:Infinity":44,"s:494:19:494:Infinity":230,"s:495:18:495:Infinity":231,"s:496:20:496:Infinity":232,"s:497:18:497:Infinity":233,"f:497:25:497:30":45,"s:497:35:497:51":234,"b:499:4:531:Infinity:undefined:undefined:undefined:undefined":59,"s:499:4:531:Infinity":235,"s:500:6:500:Infinity":236,"s:501:6:501:Infinity":237,"s:502:6:502:Infinity":238,"s:504:6:528:Infinity":239,"f:504:12:504:20":46,"s:505:21:505:Infinity":240,"f:505:27:505:32":47,"s:505:37:505:61":241,"s:506:25:506:Infinity":242,"b:506:25:506:54:506:54:506:Infinity":60,"s:509:8:509:Infinity":243,"f:509:30:509:37":48,"s:509:42:509:103":244,"b:509:44:509:70:509:70:509:103":61,"b:511:8:527:Infinity:undefined:undefined:undefined:undefined":62,"s:511:8:527:Infinity":245,"s:512:45:525:Infinity":246,"b:517:26:517:40:517:40:517:Infinity":63,"b:518:26:518:48:518:48:518:Infinity":64,"b:520:27:520:50:520:50:520:Infinity":65,"s:526:10:526:Infinity":247,"s:530:6:530:Infinity":248,"s:534:4:543:Infinity":249,"s:535:18:539:Infinity":250,"s:540:6:540:Infinity":251,"s:542:6:542:Infinity":252,"f:546:8:546:Infinity":49,"s:554:18:554:Infinity":253,"s:555:19:555:Infinity":254,"s:556:20:556:Infinity":255,"s:557:18:557:Infinity":256,"f:557:25:557:30":50,"s:557:35:557:51":257,"s:558:17:558:Infinity":258,"f:558:23:558:28":51,"s:558:33:558:51":259,"b:561:4:566:Infinity:undefined:undefined:undefined:undefined":66,"s:561:4:566:Infinity":260,"s:562:6:562:Infinity":261,"s:563:6:563:Infinity":262,"s:564:6:564:Infinity":263,"b:564:51:564:68:564:68:564:Infinity":67,"b:564:122:564:136:564:136:564:Infinity":68,"s:565:6:565:Infinity":264,"s:569:19:569:Infinity":265,"f:569:29:569:34":52,"s:569:39:569:91":266,"b:569:39:569:65:569:65:569:91":69,"s:570:16:570:Infinity":267,"b:570:45:570:61:570:61:570:Infinity":70,"b:570:72:570:100:570:100:570:Infinity":71,"s:571:16:571:Infinity":268,"b:571:45:571:61:571:61:571:Infinity":72,"b:571:72:571:100:571:100:571:Infinity":73,"b:573:4:593:Infinity:577:11:593:Infinity":74,"s:573:4:593:Infinity":269,"s:574:6:574:Infinity":270,"b:575:6:575:Infinity:undefined:undefined:undefined:undefined":75,"s:575:6:575:Infinity":271,"s:575:38:575:Infinity":272,"b:576:6:576:Infinity:undefined:undefined:undefined:undefined":76,"s:576:6:576:Infinity":273,"s:576:38:576:Infinity":274,"s:578:6:591:Infinity":275,"b:581:22:581:45:581:45:581:Infinity":77,"b:583:22:583:36:583:36:583:Infinity":78,"b:584:22:584:44:584:44:584:Infinity":79,"b:586:23:586:46:586:46:586:Infinity":80,"s:592:6:592:Infinity":276,"s:594:4:594:Infinity":277,"s:597:4:606:Infinity":278,"s:598:18:602:Infinity":279,"s:603:6:603:Infinity":280,"s:605:6:605:Infinity":281,"b:605:70:605:84:605:84:605:94":81,"f:610:8:610:18":53,"s:611:19:611:Infinity":282,"s:612:16:612:Infinity":283,"f:612:23:612:28":54,"s:612:33:612:49":284,"b:613:4:617:Infinity:undefined:undefined:undefined:undefined":82,"s:613:4:617:Infinity":285,"s:614:6:614:Infinity":286,"s:615:6:615:Infinity":287,"s:616:6:616:Infinity":288,"s:619:4:627:Infinity":289,"s:620:18:623:Infinity":290,"s:624:6:624:Infinity":291,"s:626:6:626:Infinity":292,"b:626:13:626:20:626:20:626:Infinity":83,"f:631:8:631:Infinity":55,"s:635:4:649:Infinity":293,"s:636:18:638:Infinity":294,"s:639:19:642:Infinity":295,"b:643:6:646:Infinity:undefined:undefined:undefined:undefined":84,"s:643:6:646:Infinity":296,"b:643:10:643:18:643:18:643:34:643:34:643:59":85,"s:644:8:644:Infinity":297,"s:645:8:645:Infinity":298,"s:648:6:648:Infinity":299,"s:651:20:651:Infinity":300,"s:652:25:652:Infinity":301,"f:652:33:652:41":56,"s:652:52:652:78":302,"s:653:25:653:Infinity":303,"f:653:33:653:41":57,"s:653:52:653:78":304,"s:654:4:662:Infinity":305,"f:667:8:667:57":58,"s:668:4:689:Infinity":306,"s:669:18:671:Infinity":307,"s:672:6:672:Infinity":308,"s:674:20:674:Infinity":309,"s:675:21:675:Infinity":310,"s:676:17:676:Infinity":311,"s:678:6:688:Infinity":312,"f:680:27:680:35":59,"s:680:44:680:60":313,"f:681:31:681:38":60,"s:681:43:681:67":314,"f:682:34:682:41":61,"s:682:46:682:73":315,"f:683:31:683:38":62,"s:683:43:683:65":316,"f:684:29:684:36":63,"s:684:41:684:64":317,"f:685:31:685:38":64,"s:685:43:685:65":318,"f:686:26:686:34":65,"s:686:43:686:67":319,"f:687:26:687:34":66,"s:687:43:687:67":320,"f:692:8:692:52":67,"s:693:4:746:Infinity":321,"s:694:18:696:Infinity":322,"s:697:6:697:Infinity":323,"s:699:20:699:Infinity":324,"s:700:25:700:Infinity":325,"s:702:24:709:Infinity":326,"f:702:35:702:39":68,"s:703:25:703:Infinity":327,"f:703:31:703:38":69,"s:703:43:703:65":328,"s:704:8:708:Infinity":329,"f:707:32:707:40":70,"s:707:49:707:65":330,"s:711:6:745:Infinity":331,"f:714:43:714:50":71,"s:714:55:714:78":332,"f:715:44:715:51":72,"s:715:56:715:80":333,"f:716:47:716:54":73,"s:716:59:716:86":334,"f:749:8:749:24":74,"b:749:40:749:65":86,"s:750:4:757:Infinity":335,"s:751:18:753:Infinity":336,"s:754:6:754:Infinity":337,"s:756:6:756:Infinity":338},"fnNames":{}}}
,"C:\\Users\\vivek\\OneDrive\\Desktop\\project 1\\frontend\\src\\services\\mockData.ts": {"path":"C:\\Users\\vivek\\OneDrive\\Desktop\\project 1\\frontend\\src\\services\\mockData.ts","statementMap":{"0":{"start":{"line":7,"column":46},"end":{"line":16,"column":null}},"1":{"start":{"line":18,"column":43},"end":{"line":274,"column":null}},"2":{"start":{"line":276,"column":39},"end":{"line":333,"column":null}},"3":{"start":{"line":335,"column":54},"end":{"line":346,"column":null}},"4":{"start":{"line":348,"column":62},"end":{"line":355,"column":null}},"5":{"start":{"line":357,"column":46},"end":{"line":364,"column":null}}},"fnMap":{},"branchMap":{},"s":{"0":15,"1":15,"2":15,"3":15,"4":15,"5":15},"f":{},"b":{},"meta":{"lastBranch":0,"lastFunction":0,"lastStatement":6,"seen":{"s:7:46:16:Infinity":0,"s:18:43:274:Infinity":1,"s:276:39:333:Infinity":2,"s:335:54:346:Infinity":3,"s:348:62:355:Infinity":4,"s:357:46:364:Infinity":5},"fnNames":{}}}
,"C:\\Users\\vivek\\OneDrive\\Desktop\\project 1\\frontend\\src\\utils\\warehouseCalculations.ts": {"path":"C:\\Users\\vivek\\OneDrive\\Desktop\\project 1\\frontend\\src\\utils\\warehouseCalculations.ts","statementMap":{"0":{"start":{"line":7,"column":2},"end":{"line":7,"column":null}},"1":{"start":{"line":7,"column":39},"end":{"line":7,"column":null}},"2":{"start":{"line":8,"column":2},"end":{"line":8,"column":null}},"3":{"start":{"line":8,"column":55},"end":{"line":8,"column":null}},"4":{"start":{"line":9,"column":2},"end":{"line":9,"column":null}},"5":{"start":{"line":20,"column":20},"end":{"line":20,"column":null}},"6":{"start":{"line":21,"column":2},"end":{"line":23,"column":null}},"7":{"start":{"line":22,"column":4},"end":{"line":22,"column":null}},"8":{"start":{"line":24,"column":2},"end":{"line":26,"column":null}},"9":{"start":{"line":25,"column":4},"end":{"line":25,"column":null}},"10":{"start":{"line":27,"column":2},"end":{"line":27,"column":null}},"11":{"start":{"line":36,"column":2},"end":{"line":38,"column":null}},"12":{"start":{"line":37,"column":4},"end":{"line":37,"column":null}},"13":{"start":{"line":40,"column":23},"end":{"line":40,"column":null}},"14":{"start":{"line":41,"column":25},"end":{"line":41,"column":null}},"15":{"start":{"line":43,"column":2},"end":{"line":48,"column":null}},"16":{"start":{"line":44,"column":16},"end":{"line":44,"column":null}},"17":{"start":{"line":45,"column":4},"end":{"line":45,"column":null}},"18":{"start":{"line":46,"column":18},"end":{"line":46,"column":null}},"19":{"start":{"line":47,"column":4},"end":{"line":47,"column":null}},"20":{"start":{"line":50,"column":2},"end":{"line":52,"column":null}},"21":{"start":{"line":51,"column":4},"end":{"line":51,"column":null}},"22":{"start":{"line":54,"column":16},"end":{"line":54,"column":null}},"23":{"start":{"line":55,"column":21},"end":{"line":55,"column":null}},"24":{"start":{"line":57,"column":2},"end":{"line":59,"column":null}},"25":{"start":{"line":58,"column":4},"end":{"line":58,"column":null}},"26":{"start":{"line":60,"column":2},"end":{"line":62,"column":null}},"27":{"start":{"line":61,"column":4},"end":{"line":61,"column":null}},"28":{"start":{"line":63,"column":2},"end":{"line":63,"column":null}},"29":{"start":{"line":76,"column":12},"end":{"line":76,"column":null}},"30":{"start":{"line":77,"column":12},"end":{"line":77,"column":null}},"31":{"start":{"line":78,"column":12},"end":{"line":78,"column":null}},"32":{"start":{"line":79,"column":14},"end":{"line":79,"column":null}},"33":{"start":{"line":81,"column":14},"end":{"line":81,"column":null}},"34":{"start":{"line":82,"column":21},"end":{"line":82,"column":null}},"35":{"start":{"line":84,"column":2},"end":{"line":91,"column":null}},"36":{"start":{"line":85,"column":4},"end":{"line":90,"column":null}},"37":{"start":{"line":93,"column":2},"end":{"line":93,"column":null}},"38":{"start":{"line":103,"column":14},"end":{"line":103,"column":null}},"39":{"start":{"line":105,"column":2},"end":{"line":107,"column":null}},"40":{"start":{"line":106,"column":4},"end":{"line":106,"column":null}},"41":{"start":{"line":109,"column":2},"end":{"line":111,"column":null}},"42":{"start":{"line":110,"column":4},"end":{"line":110,"column":null}},"43":{"start":{"line":113,"column":2},"end":{"line":119,"column":null}},"44":{"start":{"line":114,"column":4},"end":{"line":118,"column":null}},"45":{"start":{"line":121,"column":2},"end":{"line":121,"column":null}}},"fnMap":{"0":{"name":"calculateAvailableStock","decl":{"start":{"line":6,"column":16},"end":{"line":6,"column":40}},"loc":{"start":{"line":6,"column":96},"end":{"line":10,"column":null}},"line":6},"1":{"name":"determineStockStatus","decl":{"start":{"line":15,"column":16},"end":{"line":15,"column":null}},"loc":{"start":{"line":19,"column":15},"end":{"line":28,"column":null}},"line":19},"2":{"name":"calculateOrderPriority","decl":{"start":{"line":33,"column":16},"end":{"line":33,"column":null}},"loc":{"start":{"line":35,"column":77},"end":{"line":64,"column":null}},"line":35},"3":{"name":"validateVerificationQuantities","decl":{"start":{"line":70,"column":16},"end":{"line":70,"column":null}},"loc":{"start":{"line":75,"column":73},"end":{"line":94,"column":null}},"line":75},"4":{"name":"validateQuantityInput","decl":{"start":{"line":99,"column":16},"end":{"line":99,"column":null}},"loc":{"start":{"line":102,"column":53},"end":{"line":122,"column":null}},"line":102}},"branchMap":{"0":{"loc":{"start":{"line":6,"column":58},"end":{"line":6,"column":96}},"type":"default-arg","locations":[{"start":{"line":6,"column":85},"end":{"line":6,"column":96}}],"line":6},"1":{"loc":{"start":{"line":7,"column":2},"end":{"line":7,"column":null}},"type":"if","locations":[{"start":{"line":7,"column":2},"end":{"line":7,"column":null}},{"start":{},"end":{}}],"line":7},"2":{"loc":{"start":{"line":7,"column":6},"end":{"line":7,"column":39}},"type":"binary-expr","locations":[{"start":{"line":7,"column":6},"end":{"line":7,"column":25}},{"start":{"line":7,"column":25},"end":{"line":7,"column":39}}],"line":7},"3":{"loc":{"start":{"line":8,"column":2},"end":{"line":8,"column":null}},"type":"if","locations":[{"start":{"line":8,"column":2},"end":{"line":8,"column":null}},{"start":{},"end":{}}],"line":8},"4":{"loc":{"start":{"line":8,"column":6},"end":{"line":8,"column":55}},"type":"binary-expr","locations":[{"start":{"line":8,"column":6},"end":{"line":8,"column":33}},{"start":{"line":8,"column":33},"end":{"line":8,"column":55}}],"line":8},"5":{"loc":{"start":{"line":17,"column":2},"end":{"line":17,"column":null}},"type":"default-arg","locations":[{"start":{"line":17,"column":29},"end":{"line":17,"column":null}}],"line":17},"6":{"loc":{"start":{"line":18,"column":2},"end":{"line":18,"column":null}},"type":"default-arg","locations":[{"start":{"line":18,"column":30},"end":{"line":18,"column":null}}],"line":18},"7":{"loc":{"start":{"line":21,"column":2},"end":{"line":23,"column":null}},"type":"if","locations":[{"start":{"line":21,"column":2},"end":{"line":23,"column":null}},{"start":{},"end":{}}],"line":21},"8":{"loc":{"start":{"line":24,"column":2},"end":{"line":26,"column":null}},"type":"if","locations":[{"start":{"line":24,"column":2},"end":{"line":26,"column":null}},{"start":{},"end":{}}],"line":24},"9":{"loc":{"start":{"line":36,"column":2},"end":{"line":38,"column":null}},"type":"if","locations":[{"start":{"line":36,"column":2},"end":{"line":38,"column":null}},{"start":{},"end":{}}],"line":36},"10":{"loc":{"start":{"line":36,"column":6},"end":{"line":36,"column":36}},"type":"binary-expr","locations":[{"start":{"line":36,"column":6},"end":{"line":36,"column":16}},{"start":{"line":36,"column":16},"end":{"line":36,"column":36}}],"line":36},"11":{"loc":{"start":{"line":44,"column":28},"end":{"line":44,"column":46}},"type":"binary-expr","locations":[{"start":{"line":44,"column":28},"end":{"line":44,"column":45}},{"start":{"line":44,"column":45},"end":{"line":44,"column":46}}],"line":44},"12":{"loc":{"start":{"line":46,"column":30},"end":{"line":46,"column":60}},"type":"binary-expr","locations":[{"start":{"line":46,"column":30},"end":{"line":46,"column":57}},{"start":{"line":46,"column":57},"end":{"line":46,"column":60}}],"line":46},"13":{"loc":{"start":{"line":50,"column":2},"end":{"line":52,"column":null}},"type":"if","locations":[{"start":{"line":50,"column":2},"end":{"line":52,"column":null}},{"start":{},"end":{}}],"line":50},"14":{"loc":{"start":{"line":57,"column":2},"end":{"line":59,"column":null}},"type":"if","locations":[{"start":{"line":57,"column":2},"end":{"line":59,"column":null}},{"start":{},"end":{}}],"line":57},"15":{"loc":{"start":{"line":60,"column":2},"end":{"line":62,"column":null}},"type":"if","locations":[{"start":{"line":60,"column":2},"end":{"line":62,"column":null}},{"start":{},"end":{}}],"line":60},"16":{"loc":{"start":{"line":76,"column":35},"end":{"line":76,"column":44}},"type":"binary-expr","locations":[{"start":{"line":76,"column":35},"end":{"line":76,"column":43}},{"start":{"line":76,"column":43},"end":{"line":76,"column":44}}],"line":76},"17":{"loc":{"start":{"line":77,"column":35},"end":{"line":77,"column":47}},"type":"binary-expr","locations":[{"start":{"line":77,"column":35},"end":{"line":77,"column":46}},{"start":{"line":77,"column":46},"end":{"line":77,"column":47}}],"line":77},"18":{"loc":{"start":{"line":78,"column":35},"end":{"line":78,"column":47}},"type":"binary-expr","locations":[{"start":{"line":78,"column":35},"end":{"line":78,"column":46}},{"start":{"line":78,"column":46},"end":{"line":78,"column":47}}],"line":78},"19":{"loc":{"start":{"line":79,"column":37},"end":{"line":79,"column":50}},"type":"binary-expr","locations":[{"start":{"line":79,"column":37},"end":{"line":79,"column":49}},{"start":{"line":79,"column":49},"end":{"line":79,"column":50}}],"line":79},"20":{"loc":{"start":{"line":84,"column":2},"end":{"line":91,"column":null}},"type":"if","locations":[{"start":{"line":84,"column":2},"end":{"line":91,"column":null}},{"start":{},"end":{}}],"line":84},"21":{"loc":{"start":{"line":103,"column":14},"end":{"line":103,"column":null}},"type":"cond-expr","locations":[{"start":{"line":103,"column":42},"end":{"line":103,"column":71}},{"start":{"line":103,"column":71},"end":{"line":103,"column":null}}],"line":103},"22":{"loc":{"start":{"line":105,"column":2},"end":{"line":107,"column":null}},"type":"if","locations":[{"start":{"line":105,"column":2},"end":{"line":107,"column":null}},{"start":{},"end":{}}],"line":105},"23":{"loc":{"start":{"line":105,"column":6},"end":{"line":105,"column":36}},"type":"binary-expr","locations":[{"start":{"line":105,"column":6},"end":{"line":105,"column":20}},{"start":{"line":105,"column":20},"end":{"line":105,"column":36}}],"line":105},"24":{"loc":{"start":{"line":109,"column":2},"end":{"line":111,"column":null}},"type":"if","locations":[{"start":{"line":109,"column":2},"end":{"line":111,"column":null}},{"start":{},"end":{}}],"line":109},"25":{"loc":{"start":{"line":113,"column":2},"end":{"line":119,"column":null}},"type":"if","locations":[{"start":{"line":113,"column":2},"end":{"line":119,"column":null}},{"start":{},"end":{}}],"line":113},"26":{"loc":{"start":{"line":113,"column":6},"end":{"line":113,"column":56}},"type":"binary-expr","locations":[{"start":{"line":113,"column":6},"end":{"line":113,"column":36}},{"start":{"line":113,"column":36},"end":{"line":113,"column":56}}],"line":113}},"s":{"0":13,"1":2,"2":11,"3":1,"4":10,"5":8,"6":8,"7":3,"8":5,"9":3,"10":2,"11":5,"12":1,"13":4,"14":4,"15":4,"16":5,"17":5,"18":5,"19":5,"20":4,"21":1,"22":3,"23":3,"24":3,"25":1,"26":2,"27":1,"28":1,"29":3,"30":3,"31":3,"32":3,"33":3,"34":3,"35":3,"36":2,"37":1,"38":7,"39":7,"40":2,"41":5,"42":2,"43":3,"44":1,"45":2},"f":{"0":13,"1":8,"2":5,"3":3,"4":7},"b":{"0":[13],"1":[2,11],"2":[13,12],"3":[1,10],"4":[11,10],"5":[8],"6":[8],"7":[3,5],"8":[3,2],"9":[1,4],"10":[5,5],"11":[5,1],"12":[5,0],"13":[1,3],"14":[1,2],"15":[1,1],"16":[3,0],"17":[3,0],"18":[3,1],"19":[3,0],"20":[2,1],"21":[2,5],"22":[2,5],"23":[7,5],"24":[2,3],"25":[1,2],"26":[3,3]},"meta":{"lastBranch":27,"lastFunction":5,"lastStatement":46,"seen":{"f:6:16:6:40":0,"b:6:85:6:96":0,"b:7:2:7:Infinity:undefined:undefined:undefined:undefined":1,"s:7:2:7:Infinity":0,"b:7:6:7:25:7:25:7:39":2,"s:7:39:7:Infinity":1,"b:8:2:8:Infinity:undefined:undefined:undefined:undefined":3,"s:8:2:8:Infinity":2,"b:8:6:8:33:8:33:8:55":4,"s:8:55:8:Infinity":3,"s:9:2:9:Infinity":4,"f:15:16:15:Infinity":1,"b:17:29:17:Infinity":5,"b:18:30:18:Infinity":6,"s:20:20:20:Infinity":5,"b:21:2:23:Infinity:undefined:undefined:undefined:undefined":7,"s:21:2:23:Infinity":6,"s:22:4:22:Infinity":7,"b:24:2:26:Infinity:undefined:undefined:undefined:undefined":8,"s:24:2:26:Infinity":8,"s:25:4:25:Infinity":9,"s:27:2:27:Infinity":10,"f:33:16:33:Infinity":2,"b:36:2:38:Infinity:undefined:undefined:undefined:undefined":9,"s:36:2:38:Infinity":11,"b:36:6:36:16:36:16:36:36":10,"s:37:4:37:Infinity":12,"s:40:23:40:Infinity":13,"s:41:25:41:Infinity":14,"s:43:2:48:Infinity":15,"s:44:16:44:Infinity":16,"b:44:28:44:45:44:45:44:46":11,"s:45:4:45:Infinity":17,"s:46:18:46:Infinity":18,"b:46:30:46:57:46:57:46:60":12,"s:47:4:47:Infinity":19,"b:50:2:52:Infinity:undefined:undefined:undefined:undefined":13,"s:50:2:52:Infinity":20,"s:51:4:51:Infinity":21,"s:54:16:54:Infinity":22,"s:55:21:55:Infinity":23,"b:57:2:59:Infinity:undefined:undefined:undefined:undefined":14,"s:57:2:59:Infinity":24,"s:58:4:58:Infinity":25,"b:60:2:62:Infinity:undefined:undefined:undefined:undefined":15,"s:60:2:62:Infinity":26,"s:61:4:61:Infinity":27,"s:63:2:63:Infinity":28,"f:70:16:70:Infinity":3,"s:76:12:76:Infinity":29,"b:76:35:76:43:76:43:76:44":16,"s:77:12:77:Infinity":30,"b:77:35:77:46:77:46:77:47":17,"s:78:12:78:Infinity":31,"b:78:35:78:46:78:46:78:47":18,"s:79:14:79:Infinity":32,"b:79:37:79:49:79:49:79:50":19,"s:81:14:81:Infinity":33,"s:82:21:82:Infinity":34,"b:84:2:91:Infinity:undefined:undefined:undefined:undefined":20,"s:84:2:91:Infinity":35,"s:85:4:90:Infinity":36,"s:93:2:93:Infinity":37,"f:99:16:99:Infinity":4,"s:103:14:103:Infinity":38,"b:103:42:103:71:103:71:103:Infinity":21,"b:105:2:107:Infinity:undefined:undefined:undefined:undefined":22,"s:105:2:107:Infinity":39,"b:105:6:105:20:105:20:105:36":23,"s:106:4:106:Infinity":40,"b:109:2:111:Infinity:undefined:undefined:undefined:undefined":24,"s:109:2:111:Infinity":41,"s:110:4:110:Infinity":42,"b:113:2:119:Infinity:undefined:undefined:undefined:undefined":25,"s:113:2:119:Infinity":43,"b:113:6:113:36:113:36:113:56":26,"s:114:4:118:Infinity":44,"s:121:2:121:Infinity":45},"fnNames":{}}}
}
